Copyright 1986-2022 Xilinx, Inc. All Rights Reserved. Copyright 2022-2024 Advanced Micro Devices, Inc. All Rights Reserved.
---------------------------------------------------------------------------------------------------------------------------------------------
| Tool Version : Vivado v.2024.2 (win64) Build 5239630 Fri Nov 08 22:35:27 MST 2024
| Date         : Fri May 30 15:00:33 2025
| Host         : SNPOR161 running 64-bit major release  (build 9200)
| Command      : report_control_sets -verbose -file mic_to_led_pc_control_sets_placed.rpt
| Design       : mic_to_led_pc
| Device       : xc7a35t
---------------------------------------------------------------------------------------------------------------------------------------------

Control Set Information

Table of Contents
-----------------
1. Summary
2. Histogram
3. Flip-Flop Distribution
4. Detailed Control Set Information

1. Summary
----------

+----------------------------------------------------------+-------+
|                          Status                          | Count |
+----------------------------------------------------------+-------+
| Total control sets                                       |    10 |
|    Minimum number of control sets                        |    10 |
|    Addition due to synthesis replication                 |     0 |
|    Addition due to physical synthesis replication        |     0 |
| Unused register locations in slices containing registers |    45 |
+----------------------------------------------------------+-------+
* Control sets can be merged at opt_design using control_set_merge or merge_equivalent_drivers
** Run report_qor_suggestions for automated merging and remapping suggestions


2. Histogram
------------

+--------------------+-------+
|       Fanout       | Count |
+--------------------+-------+
| Total control sets |    10 |
| >= 0 to < 4        |     2 |
| >= 4 to < 6        |     0 |
| >= 6 to < 8        |     1 |
| >= 8 to < 10       |     1 |
| >= 10 to < 12      |     1 |
| >= 12 to < 14      |     2 |
| >= 14 to < 16      |     0 |
| >= 16              |     3 |
+--------------------+-------+
* Control sets can be remapped at either synth_design or opt_design


3. Flip-Flop Distribution
-------------------------

+--------------+-----------------------+------------------------+-----------------+--------------+
| Clock Enable | Synchronous Set/Reset | Asynchronous Set/Reset | Total Registers | Total Slices |
+--------------+-----------------------+------------------------+-----------------+--------------+
| No           | No                    | No                     |              27 |            9 |
| No           | No                    | Yes                    |               0 |            0 |
| No           | Yes                   | No                     |               0 |            0 |
| Yes          | No                    | No                     |              67 |           15 |
| Yes          | No                    | Yes                    |               0 |            0 |
| Yes          | Yes                   | No                     |              21 |            7 |
+--------------+-----------------------+------------------------+-----------------+--------------+


4. Detailed Control Set Information
-----------------------------------

+----------------+------------------------------------------------------------------------------------------------+----------------------------------------------------+------------------+----------------+--------------+
|  Clock Signal  |                                          Enable Signal                                         |                  Set/Reset Signal                  | Slice Load Count | Bel Load Count | Bels / Slice |
+----------------+------------------------------------------------------------------------------------------------+----------------------------------------------------+------------------+----------------+--------------+
|  clk_IBUF_BUFG | adc_dig_uart/fifo_to_uart/uart_inst/tx_i_2_n_0                                                 | adc_dig_uart/fifo_to_uart/uart_inst/tx2_out        |                1 |              1 |         1.00 |
|  clk_IBUF_BUFG | adc_dig_uart/fifo_to_uart/sample_delay[13]_i_2_n_0                                             |                                                    |                1 |              1 |         1.00 |
|  clk_IBUF_BUFG | adc_dig_uart/fifo_to_uart/uart_inst/sending                                                    | adc_dig_uart/fifo_to_uart/uart_inst/shift_reg      |                2 |              7 |         3.50 |
|  clk_IBUF_BUFG | adc_dig_uart/adc_to_fifo/data_in[7]_i_1_n_0                                                    |                                                    |                2 |              8 |         4.00 |
|  clk_IBUF_BUFG | adc_dig_uart/fifo_to_uart/uart_inst/shift_reg                                                  |                                                    |                3 |             10 |         3.33 |
|  clk_IBUF_BUFG | adc_dig_uart/adc_to_fifo/adc_sample[11]_i_1_n_0                                                |                                                    |                2 |             12 |         6.00 |
|  clk_IBUF_BUFG | adc_dig_uart/fifo_to_uart/sample_delay[13]_i_2_n_0                                             | adc_dig_uart/fifo_to_uart/sample_delay[13]_i_1_n_0 |                4 |             13 |         3.25 |
|  clk_IBUF_BUFG | adc_dig_uart/fifo/U0/inst_fifo_gen/gconvfifo.rf/grf.rf/gntv_or_sync_fifo.gl0.rd/grss.rsts/E[0] |                                                    |                4 |             18 |         4.50 |
|  clk_IBUF_BUFG | adc_dig_uart/fifo/U0/inst_fifo_gen/gconvfifo.rf/grf.rf/gntv_or_sync_fifo.gl0.wr/gwss.wsts/E[0] |                                                    |                3 |             18 |         6.00 |
|  clk_IBUF_BUFG |                                                                                                |                                                    |                9 |             27 |         3.00 |
+----------------+------------------------------------------------------------------------------------------------+----------------------------------------------------+------------------+----------------+--------------+


