
*** Running vivado
    with args -log mic_to_led_pc.vdi -applog -m64 -product Vivado -messageDb vivado.pb -mode batch -source mic_to_led_pc.tcl -notrace



****** Vivado v2024.2 (64-bit)
  **** SW Build 5239630 on Fri Nov 08 22:35:27 MST 2024
  **** IP Build 5239520 on Sun Nov 10 16:12:51 MST 2024
  **** SharedData Build 5239561 on Fri Nov 08 14:39:27 MST 2024
  **** Start of session at: Thu Jun  5 15:00:10 2025
    ** Copyright 1986-2022 Xilinx, Inc. All Rights Reserved.
    ** Copyright 2022-2024 Advanced Micro Devices, Inc. All Rights Reserved.

source mic_to_led_pc.tcl -notrace
Command: link_design -top mic_to_led_pc -part xc7a35tcpg236-1
Design is defaulting to srcset: sources_1
Design is defaulting to constrset: constrs_1
INFO: [Device 21-403] Loading part xc7a35tcpg236-1
INFO: [Project 1-454] Reading design checkpoint 'c:/Users/Nicolas Jankovsky/Documents/CytoMEMS/FPGA_Simulation/CMOD_A7_35T/FPGA_Sound_Analysis/a7_mic_processing_2/a7_mic_processing_2.gen/sources_1/ip/xadc_wiz_0/xadc_wiz_0.dcp' for cell 'xadc'
INFO: [Project 1-454] Reading design checkpoint 'c:/Users/Nicolas Jankovsky/Documents/CytoMEMS/FPGA_Simulation/CMOD_A7_35T/FPGA_Sound_Analysis/a7_mic_processing_2/a7_mic_processing_2.gen/sources_1/ip/fifo_generator_0/fifo_generator_0.dcp' for cell 'adc_dig_uart/fifo'
INFO: [Project 1-454] Reading design checkpoint 'c:/Users/Nicolas Jankovsky/Documents/CytoMEMS/FPGA_Simulation/CMOD_A7_35T/FPGA_Sound_Analysis/a7_mic_processing_2/a7_mic_processing_2.gen/sources_1/ip/cordic_0_1/cordic_0.dcp' for cell 'adc_dig_uart/adc_to_fifo/processing/threshold/sqrt'
Netlist sorting complete. Time (s): cpu = 00:00:00 ; elapsed = 00:00:00.010 . Memory (MB): peak = 597.375 ; gain = 0.000
INFO: [Netlist 29-17] Analyzing 1583 Unisim elements for replacement
INFO: [Netlist 29-28] Unisim Transformation completed in 0 CPU seconds
INFO: [Project 1-479] Netlist was created with Vivado 2024.2
INFO: [Project 1-570] Preparing netlist for logic optimization
Parsing XDC File [c:/Users/Nicolas Jankovsky/Documents/CytoMEMS/FPGA_Simulation/CMOD_A7_35T/FPGA_Sound_Analysis/a7_mic_processing_2/a7_mic_processing_2.gen/sources_1/ip/fifo_generator_0/fifo_generator_0.xdc] for cell 'adc_dig_uart/fifo/U0'
Finished Parsing XDC File [c:/Users/Nicolas Jankovsky/Documents/CytoMEMS/FPGA_Simulation/CMOD_A7_35T/FPGA_Sound_Analysis/a7_mic_processing_2/a7_mic_processing_2.gen/sources_1/ip/fifo_generator_0/fifo_generator_0.xdc] for cell 'adc_dig_uart/fifo/U0'
Parsing XDC File [c:/Users/Nicolas Jankovsky/Documents/CytoMEMS/FPGA_Simulation/CMOD_A7_35T/FPGA_Sound_Analysis/a7_mic_processing_2/a7_mic_processing_2.gen/sources_1/ip/xadc_wiz_0/xadc_wiz_0.xdc] for cell 'xadc/inst'
Finished Parsing XDC File [c:/Users/Nicolas Jankovsky/Documents/CytoMEMS/FPGA_Simulation/CMOD_A7_35T/FPGA_Sound_Analysis/a7_mic_processing_2/a7_mic_processing_2.gen/sources_1/ip/xadc_wiz_0/xadc_wiz_0.xdc] for cell 'xadc/inst'
Parsing XDC File [C:/Users/Nicolas Jankovsky/Documents/CytoMEMS/FPGA_Simulation/CMOD_A7_35T/FPGA_Sound_Analysis/a7_mic_processing_2/a7_mic_processing_2.srcs/constrs_1/imports/CMOD_A7_35T/Cmod-A7-Master.xdc]
Finished Parsing XDC File [C:/Users/Nicolas Jankovsky/Documents/CytoMEMS/FPGA_Simulation/CMOD_A7_35T/FPGA_Sound_Analysis/a7_mic_processing_2/a7_mic_processing_2.srcs/constrs_1/imports/CMOD_A7_35T/Cmod-A7-Master.xdc]
INFO: [Opt 31-138] Pushed 0 inverter(s) to 0 load pin(s).
Netlist sorting complete. Time (s): cpu = 00:00:00 ; elapsed = 00:00:00.002 . Memory (MB): peak = 759.016 ; gain = 0.000
INFO: [Project 1-111] Unisim Transformation Summary:
  A total of 1312 instances were transformed.
  RAM256X1S => RAM256X1S (MUXF7(x2), MUXF8, RAMS64E(x4)): 1312 instances

10 Infos, 0 Warnings, 0 Critical Warnings and 0 Errors encountered.
link_design completed successfully
INFO: [Common 17-600] The following parameters have non-default value.
tcl.statsThreshold
Command: opt_design
Attempting to get a license for feature 'Implementation' and/or device 'xc7a35t'
INFO: [Common 17-349] Got license for feature 'Implementation' and/or device 'xc7a35t'
Running DRC as a precondition to command opt_design

Starting DRC Task
INFO: [DRC 23-27] Running DRC with 2 threads
INFO: [Project 1-461] DRC finished with 0 Errors
INFO: [Project 1-462] Please refer to the DRC report (report_drc) for more information.

Time (s): cpu = 00:00:01 ; elapsed = 00:00:00.609 . Memory (MB): peak = 794.797 ; gain = 35.781

Starting Cache Timing Information Task
INFO: [Timing 38-35] Done setting XDC timing constraints.
Ending Cache Timing Information Task | Checksum: 1be724298

Time (s): cpu = 00:00:03 ; elapsed = 00:00:04 . Memory (MB): peak = 1305.852 ; gain = 511.055

Starting Logic Optimization Task

Phase 1 Initialization

Phase 1.1 Core Generation And Design Setup
Phase 1.1 Core Generation And Design Setup | Checksum: 1be724298

Time (s): cpu = 00:00:00 ; elapsed = 00:00:00.007 . Memory (MB): peak = 1710.855 ; gain = 0.000

Phase 1.2 Setup Constraints And Sort Netlist
Phase 1.2 Setup Constraints And Sort Netlist | Checksum: 1be724298

Time (s): cpu = 00:00:00 ; elapsed = 00:00:00.010 . Memory (MB): peak = 1710.855 ; gain = 0.000
Phase 1 Initialization | Checksum: 1be724298

Time (s): cpu = 00:00:00 ; elapsed = 00:00:00.011 . Memory (MB): peak = 1710.855 ; gain = 0.000

Phase 2 Timer Update And Timing Data Collection

Phase 2.1 Timer Update
Phase 2.1 Timer Update | Checksum: 1be724298

Time (s): cpu = 00:00:00 ; elapsed = 00:00:00.191 . Memory (MB): peak = 1710.855 ; gain = 0.000

Phase 2.2 Timing Data Collection
Phase 2.2 Timing Data Collection | Checksum: 1be724298

Time (s): cpu = 00:00:00 ; elapsed = 00:00:00.200 . Memory (MB): peak = 1710.855 ; gain = 0.000
Phase 2 Timer Update And Timing Data Collection | Checksum: 1be724298

Time (s): cpu = 00:00:00 ; elapsed = 00:00:00.201 . Memory (MB): peak = 1710.855 ; gain = 0.000

Phase 3 Retarget
INFO: [Opt 31-1851] Number of loadless carry chains removed were: 0
INFO: [Opt 31-1834] Total Chains To Be Transformed Were: 0 AND Number of Transformed insts Created are: 0
INFO: [Opt 31-138] Pushed 1 inverter(s) to 1 load pin(s).
INFO: [Opt 31-49] Retargeted 0 cell(s).
Phase 3 Retarget | Checksum: 2513d9811

Time (s): cpu = 00:00:00 ; elapsed = 00:00:00.229 . Memory (MB): peak = 1710.855 ; gain = 0.000
Retarget | Checksum: 2513d9811
INFO: [Opt 31-389] Phase Retarget created 0 cells and removed 3 cells
INFO: [Opt 31-1021] In phase Retarget, 1 netlist objects are constrained preventing optimization. Please run opt_design with -debug_log to get more detail. 

Phase 4 Constant propagation
INFO: [Opt 31-138] Pushed 0 inverter(s) to 0 load pin(s).
Phase 4 Constant propagation | Checksum: 29dc6de62

Time (s): cpu = 00:00:00 ; elapsed = 00:00:00.241 . Memory (MB): peak = 1710.855 ; gain = 0.000
Constant propagation | Checksum: 29dc6de62
INFO: [Opt 31-389] Phase Constant propagation created 1 cells and removed 13 cells
INFO: [Opt 31-1021] In phase Constant propagation, 1 netlist objects are constrained preventing optimization. Please run opt_design with -debug_log to get more detail. 

Phase 5 Sweep
INFO: [Constraints 18-11670] Building netlist checker database with flags, 0x8
Done building netlist checker database: Time (s): cpu = 00:00:00 ; elapsed = 00:00:00.001 . Memory (MB): peak = 1710.855 ; gain = 0.000
INFO: [Constraints 18-11670] Building netlist checker database with flags, 0x8
Done building netlist checker database: Time (s): cpu = 00:00:00 ; elapsed = 00:00:00.002 . Memory (MB): peak = 1710.855 ; gain = 0.000
Phase 5 Sweep | Checksum: 2161fad9c

Time (s): cpu = 00:00:00 ; elapsed = 00:00:00.275 . Memory (MB): peak = 1710.855 ; gain = 0.000
Sweep | Checksum: 2161fad9c
INFO: [Opt 31-389] Phase Sweep created 0 cells and removed 5 cells
INFO: [Opt 31-1021] In phase Sweep, 11 netlist objects are constrained preventing optimization. Please run opt_design with -debug_log to get more detail. 

Phase 6 BUFG optimization
Phase 6 BUFG optimization | Checksum: 2161fad9c

Time (s): cpu = 00:00:00 ; elapsed = 00:00:00.356 . Memory (MB): peak = 1710.855 ; gain = 0.000
BUFG optimization | Checksum: 2161fad9c
INFO: [Opt 31-662] Phase BUFG optimization created 0 cells of which 0 are BUFGs and removed 0 cells.

Phase 7 Shift Register Optimization
INFO: [Opt 31-1064] SRL Remap converted 0 SRLs to 0 registers and converted 0 registers of register chains to 0 SRLs
Phase 7 Shift Register Optimization | Checksum: 2161fad9c

Time (s): cpu = 00:00:00 ; elapsed = 00:00:00.360 . Memory (MB): peak = 1710.855 ; gain = 0.000
Shift Register Optimization | Checksum: 2161fad9c
INFO: [Opt 31-389] Phase Shift Register Optimization created 0 cells and removed 0 cells

Phase 8 Post Processing Netlist
Phase 8 Post Processing Netlist | Checksum: 2161fad9c

Time (s): cpu = 00:00:00 ; elapsed = 00:00:00.369 . Memory (MB): peak = 1710.855 ; gain = 0.000
Post Processing Netlist | Checksum: 2161fad9c
INFO: [Opt 31-389] Phase Post Processing Netlist created 0 cells and removed 0 cells
INFO: [Opt 31-1021] In phase Post Processing Netlist, 3 netlist objects are constrained preventing optimization. Please run opt_design with -debug_log to get more detail. 

Phase 9 Finalization

Phase 9.1 Finalizing Design Cores and Updating Shapes
Phase 9.1 Finalizing Design Cores and Updating Shapes | Checksum: 173cf78b1

Time (s): cpu = 00:00:00 ; elapsed = 00:00:00.412 . Memory (MB): peak = 1710.855 ; gain = 0.000

Phase 9.2 Verifying Netlist Connectivity

Starting Connectivity Check Task

Time (s): cpu = 00:00:00 ; elapsed = 00:00:00.005 . Memory (MB): peak = 1710.855 ; gain = 0.000
Phase 9.2 Verifying Netlist Connectivity | Checksum: 173cf78b1

Time (s): cpu = 00:00:00 ; elapsed = 00:00:00.418 . Memory (MB): peak = 1710.855 ; gain = 0.000
Phase 9 Finalization | Checksum: 173cf78b1

Time (s): cpu = 00:00:00 ; elapsed = 00:00:00.419 . Memory (MB): peak = 1710.855 ; gain = 0.000
Opt_design Change Summary
=========================


-------------------------------------------------------------------------------------------------------------------------
|  Phase                        |  #Cells created  |  #Cells Removed  |  #Constrained objects preventing optimizations  |
-------------------------------------------------------------------------------------------------------------------------
|  Retarget                     |               0  |               3  |                                              1  |
|  Constant propagation         |               1  |              13  |                                              1  |
|  Sweep                        |               0  |               5  |                                             11  |
|  BUFG optimization            |               0  |               0  |                                              0  |
|  Shift Register Optimization  |               0  |               0  |                                              0  |
|  Post Processing Netlist      |               0  |               0  |                                              3  |
-------------------------------------------------------------------------------------------------------------------------


Ending Logic Optimization Task | Checksum: 173cf78b1

Time (s): cpu = 00:00:00 ; elapsed = 00:00:00.420 . Memory (MB): peak = 1710.855 ; gain = 0.000

Starting Power Optimization Task
INFO: [Pwropt 34-132] Skipping clock gating for clocks with a period < 2.00 ns.
INFO: [Pwropt 34-9] Applying IDT optimizations ...
INFO: [Pwropt 34-10] Applying ODC optimizations ...
INFO: [Timing 38-35] Done setting XDC timing constraints.
Running Vector-less Activity Propagation...

Finished Running Vector-less Activity Propagation


Starting PowerOpt Patch Enables Task
INFO: [Pwropt 34-162] WRITE_MODE attribute of 0 BRAM(s) out of a total of 1 has been updated to save power. Run report_power_opt to get a complete listing of the BRAMs updated.
INFO: [Pwropt 34-201] Structural ODC has moved 0 WE to EN ports
Number of BRAM Ports augmented: 0 newly gated: 0 Total Ports: 2
Ending PowerOpt Patch Enables Task | Checksum: 173cf78b1

Time (s): cpu = 00:00:00 ; elapsed = 00:00:00.012 . Memory (MB): peak = 1819.199 ; gain = 0.000
Ending Power Optimization Task | Checksum: 173cf78b1

Time (s): cpu = 00:00:02 ; elapsed = 00:00:00.869 . Memory (MB): peak = 1819.199 ; gain = 108.344

Starting Final Cleanup Task
Ending Final Cleanup Task | Checksum: 173cf78b1

Time (s): cpu = 00:00:00 ; elapsed = 00:00:00.001 . Memory (MB): peak = 1819.199 ; gain = 0.000

Starting Netlist Obfuscation Task
Netlist sorting complete. Time (s): cpu = 00:00:00 ; elapsed = 00:00:00.002 . Memory (MB): peak = 1819.199 ; gain = 0.000
Ending Netlist Obfuscation Task | Checksum: 173cf78b1

Time (s): cpu = 00:00:00 ; elapsed = 00:00:00.003 . Memory (MB): peak = 1819.199 ; gain = 0.000
INFO: [Common 17-83] Releasing license: Implementation
41 Infos, 0 Warnings, 0 Critical Warnings and 0 Errors encountered.
opt_design completed successfully
INFO: [Common 17-600] The following parameters have non-default value.
tcl.statsThreshold
INFO: [Vivado 12-24828] Executing command : report_drc -file mic_to_led_pc_drc_opted.rpt -pb mic_to_led_pc_drc_opted.pb -rpx mic_to_led_pc_drc_opted.rpx
Command: report_drc -file mic_to_led_pc_drc_opted.rpt -pb mic_to_led_pc_drc_opted.pb -rpx mic_to_led_pc_drc_opted.rpx
INFO: [IP_Flow 19-1839] IP Catalog is up to date.
INFO: [DRC 23-27] Running DRC with 2 threads
INFO: [Vivado_Tcl 2-168] The results of DRC are in file C:/Users/Nicolas Jankovsky/Documents/CytoMEMS/FPGA_Simulation/CMOD_A7_35T/FPGA_Sound_Analysis/a7_mic_processing_2/a7_mic_processing_2.runs/impl_1/mic_to_led_pc_drc_opted.rpt.
report_drc completed successfully
INFO: [Timing 38-480] Writing timing data to binary archive.
Wrote PlaceDB: Time (s): cpu = 00:00:00 ; elapsed = 00:00:00 . Memory (MB): peak = 1819.199 ; gain = 0.000
Wrote PulsedLatchDB: Time (s): cpu = 00:00:00 ; elapsed = 00:00:00 . Memory (MB): peak = 1819.199 ; gain = 0.000
Writing XDEF routing.
Writing XDEF routing logical nets.
Writing XDEF routing special nets.
Wrote RouteStorage: Time (s): cpu = 00:00:00 ; elapsed = 00:00:00.012 . Memory (MB): peak = 1819.199 ; gain = 0.000
Wrote Netlist Cache: Time (s): cpu = 00:00:00 ; elapsed = 00:00:00 . Memory (MB): peak = 1819.199 ; gain = 0.000
Write ShapeDB Complete: Time (s): cpu = 00:00:00 ; elapsed = 00:00:00.021 . Memory (MB): peak = 1819.199 ; gain = 0.000
Wrote Device Cache: Time (s): cpu = 00:00:00 ; elapsed = 00:00:00.004 . Memory (MB): peak = 1819.199 ; gain = 0.000
Write Physdb Complete: Time (s): cpu = 00:00:00 ; elapsed = 00:00:00.022 . Memory (MB): peak = 1819.199 ; gain = 0.000
INFO: [Common 17-1381] The checkpoint 'C:/Users/Nicolas Jankovsky/Documents/CytoMEMS/FPGA_Simulation/CMOD_A7_35T/FPGA_Sound_Analysis/a7_mic_processing_2/a7_mic_processing_2.runs/impl_1/mic_to_led_pc_opt.dcp' has been generated.
Command: place_design
Attempting to get a license for feature 'Implementation' and/or device 'xc7a35t'
INFO: [Common 17-349] Got license for feature 'Implementation' and/or device 'xc7a35t'
INFO: [Common 17-83] Releasing license: Implementation
INFO: [DRC 23-27] Running DRC with 2 threads
INFO: [Vivado_Tcl 4-198] DRC finished with 0 Errors
INFO: [Vivado_Tcl 4-199] Please refer to the DRC report (report_drc) for more information.
Running DRC as a precondition to command place_design
INFO: [DRC 23-27] Running DRC with 2 threads
INFO: [Vivado_Tcl 4-198] DRC finished with 0 Errors
INFO: [Vivado_Tcl 4-199] Please refer to the DRC report (report_drc) for more information.
INFO: [Place 30-611] Multithreading enabled for place_design using a maximum of 2 CPUs

Starting Placer Task

Phase 1 Placer Initialization

Phase 1.1 Placer Initialization Netlist Sorting
Netlist sorting complete. Time (s): cpu = 00:00:00 ; elapsed = 00:00:00.002 . Memory (MB): peak = 1819.199 ; gain = 0.000
Phase 1.1 Placer Initialization Netlist Sorting | Checksum: 145d45153

Time (s): cpu = 00:00:00 ; elapsed = 00:00:00.003 . Memory (MB): peak = 1819.199 ; gain = 0.000
Netlist sorting complete. Time (s): cpu = 00:00:00 ; elapsed = 00:00:00.002 . Memory (MB): peak = 1819.199 ; gain = 0.000

Phase 1.2 IO Placement/ Clock Placement/ Build Placer Device
INFO: [Timing 38-35] Done setting XDC timing constraints.
Phase 1.2 IO Placement/ Clock Placement/ Build Placer Device | Checksum: 22d955de8

Time (s): cpu = 00:00:01 ; elapsed = 00:00:00.414 . Memory (MB): peak = 1819.199 ; gain = 0.000

Phase 1.3 Build Placer Netlist Model
Phase 1.3 Build Placer Netlist Model | Checksum: 2fc1b84ca

Time (s): cpu = 00:00:03 ; elapsed = 00:00:02 . Memory (MB): peak = 1819.199 ; gain = 0.000

Phase 1.4 Constrain Clocks/Macros
Phase 1.4 Constrain Clocks/Macros | Checksum: 2fc1b84ca

Time (s): cpu = 00:00:03 ; elapsed = 00:00:02 . Memory (MB): peak = 1819.199 ; gain = 0.000
Phase 1 Placer Initialization | Checksum: 2fc1b84ca

Time (s): cpu = 00:00:03 ; elapsed = 00:00:02 . Memory (MB): peak = 1819.199 ; gain = 0.000

Phase 2 Global Placement

Phase 2.1 Floorplanning
Phase 2.1 Floorplanning | Checksum: 2a89eef53

Time (s): cpu = 00:00:04 ; elapsed = 00:00:02 . Memory (MB): peak = 1819.199 ; gain = 0.000

Phase 2.2 Update Timing before SLR Path Opt
Phase 2.2 Update Timing before SLR Path Opt | Checksum: 256c7aa9b

Time (s): cpu = 00:00:04 ; elapsed = 00:00:03 . Memory (MB): peak = 1819.199 ; gain = 0.000

Phase 2.3 Post-Processing in Floorplanning
Phase 2.3 Post-Processing in Floorplanning | Checksum: 256c7aa9b

Time (s): cpu = 00:00:04 ; elapsed = 00:00:03 . Memory (MB): peak = 1819.199 ; gain = 0.000

Phase 2.4 Global Place Phase1
Phase 2.4 Global Place Phase1 | Checksum: 326796d71

Time (s): cpu = 00:00:07 ; elapsed = 00:00:05 . Memory (MB): peak = 1819.199 ; gain = 0.000

Phase 2.5 Global Place Phase2

Phase 2.5.1 UpdateTiming Before Physical Synthesis
Phase 2.5.1 UpdateTiming Before Physical Synthesis | Checksum: 326796d71

Time (s): cpu = 00:00:08 ; elapsed = 00:00:05 . Memory (MB): peak = 1819.199 ; gain = 0.000

Phase 2.5.2 Physical Synthesis In Placer
INFO: [Physopt 32-1035] Found 0 LUTNM shape to break, 14 LUT instances to create LUTNM shape
INFO: [Physopt 32-1044] Break lutnm for timing: one critical 0, two critical 0, total 0, new lutff created 0
INFO: [Physopt 32-1138] End 1 Pass. Optimized 5 nets or LUTs. Breaked 0 LUT, combined 5 existing LUTs and moved 0 existing LUT
INFO: [Physopt 32-65] No nets found for high-fanout optimization.
INFO: [Physopt 32-232] Optimized 0 net. Created 0 new instance.
INFO: [Physopt 32-775] End 1 Pass. Optimized 0 net or cell. Created 0 new cell, deleted 0 existing cell and moved 0 existing cell
INFO: [Physopt 32-670] No setup violation found.  DSP Register Optimization was not performed.
INFO: [Physopt 32-670] No setup violation found.  Shift Register to Pipeline Optimization was not performed.
INFO: [Physopt 32-670] No setup violation found.  Shift Register Optimization was not performed.
INFO: [Physopt 32-670] No setup violation found.  BRAM Register Optimization was not performed.
INFO: [Physopt 32-670] No setup violation found.  URAM Register Optimization was not performed.
INFO: [Physopt 32-949] No candidate nets found for dynamic/static region interface net replication
INFO: [Physopt 32-775] End 1 Pass. Optimized 0 net or cell. Created 0 new cell, deleted 0 existing cell and moved 0 existing cell
Netlist sorting complete. Time (s): cpu = 00:00:00 ; elapsed = 00:00:00.002 . Memory (MB): peak = 1819.199 ; gain = 0.000

Summary of Physical Synthesis Optimizations
============================================


-----------------------------------------------------------------------------------------------------------------------------------------------------------
|  Optimization                                     |  Added Cells  |  Removed Cells  |  Optimized Cells/Nets  |  Dont Touch  |  Iterations  |  Elapsed   |
-----------------------------------------------------------------------------------------------------------------------------------------------------------
|  LUT Combining                                    |            0  |              5  |                     5  |           0  |           1  |  00:00:00  |
|  Retime                                           |            0  |              0  |                     0  |           0  |           1  |  00:00:00  |
|  Very High Fanout                                 |            0  |              0  |                     0  |           0  |           1  |  00:00:00  |
|  DSP Register                                     |            0  |              0  |                     0  |           0  |           0  |  00:00:00  |
|  Shift Register to Pipeline                       |            0  |              0  |                     0  |           0  |           0  |  00:00:00  |
|  Shift Register                                   |            0  |              0  |                     0  |           0  |           0  |  00:00:00  |
|  BRAM Register                                    |            0  |              0  |                     0  |           0  |           0  |  00:00:00  |
|  URAM Register                                    |            0  |              0  |                     0  |           0  |           0  |  00:00:00  |
|  Dynamic/Static Region Interface Net Replication  |            0  |              0  |                     0  |           0  |           1  |  00:00:00  |
|  Total                                            |            0  |              5  |                     5  |           0  |           4  |  00:00:00  |
-----------------------------------------------------------------------------------------------------------------------------------------------------------


Phase 2.5.2 Physical Synthesis In Placer | Checksum: 21dbc91e4

Time (s): cpu = 00:00:08 ; elapsed = 00:00:06 . Memory (MB): peak = 1819.199 ; gain = 0.000
Phase 2.5 Global Place Phase2 | Checksum: 245ab2309

Time (s): cpu = 00:00:09 ; elapsed = 00:00:06 . Memory (MB): peak = 1819.199 ; gain = 0.000
Phase 2 Global Placement | Checksum: 245ab2309

Time (s): cpu = 00:00:09 ; elapsed = 00:00:06 . Memory (MB): peak = 1819.199 ; gain = 0.000

Phase 3 Detail Placement

Phase 3.1 Commit Multi Column Macros
Phase 3.1 Commit Multi Column Macros | Checksum: 261f72c21

Time (s): cpu = 00:00:09 ; elapsed = 00:00:06 . Memory (MB): peak = 1819.199 ; gain = 0.000

Phase 3.2 Commit Most Macros & LUTRAMs
Phase 3.2 Commit Most Macros & LUTRAMs | Checksum: 26200814f

Time (s): cpu = 00:00:12 ; elapsed = 00:00:08 . Memory (MB): peak = 1819.199 ; gain = 0.000

Phase 3.3 Area Swap Optimization
Phase 3.3 Area Swap Optimization | Checksum: 2a37e0fd9

Time (s): cpu = 00:00:12 ; elapsed = 00:00:08 . Memory (MB): peak = 1819.199 ; gain = 0.000

Phase 3.4 Pipeline Register Optimization
Phase 3.4 Pipeline Register Optimization | Checksum: 1d499bb24

Time (s): cpu = 00:00:12 ; elapsed = 00:00:08 . Memory (MB): peak = 1819.199 ; gain = 0.000

Phase 3.5 Small Shape Detail Placement
Phase 3.5 Small Shape Detail Placement | Checksum: 287c9bdef

Time (s): cpu = 00:00:12 ; elapsed = 00:00:08 . Memory (MB): peak = 1819.199 ; gain = 0.000

Phase 3.6 Re-assign LUT pins
Phase 3.6 Re-assign LUT pins | Checksum: 244e0e458

Time (s): cpu = 00:00:12 ; elapsed = 00:00:08 . Memory (MB): peak = 1819.199 ; gain = 0.000

Phase 3.7 Pipeline Register Optimization
Phase 3.7 Pipeline Register Optimization | Checksum: 3157d5895

Time (s): cpu = 00:00:12 ; elapsed = 00:00:08 . Memory (MB): peak = 1819.199 ; gain = 0.000
Phase 3 Detail Placement | Checksum: 3157d5895

Time (s): cpu = 00:00:12 ; elapsed = 00:00:08 . Memory (MB): peak = 1819.199 ; gain = 0.000

Phase 4 Post Placement Optimization and Clean-Up

Phase 4.1 Post Commit Optimization
INFO: [Timing 38-35] Done setting XDC timing constraints.

Phase 4.1.1 Post Placement Optimization
Post Placement Optimization Initialization | Checksum: 27b6baee8

Phase 4.1.1.1 BUFG Insertion

Starting Physical Synthesis Task

Phase 1 Physical Synthesis Initialization
INFO: [Physopt 32-721] Multithreading enabled for phys_opt_design using a maximum of 2 CPUs
INFO: [Physopt 32-619] Estimated Timing Summary | WNS=67.404 | TNS=0.000 |
Phase 1 Physical Synthesis Initialization | Checksum: 14f7286f2

Time (s): cpu = 00:00:01 ; elapsed = 00:00:00.280 . Memory (MB): peak = 1819.199 ; gain = 0.000
INFO: [Place 46-56] BUFG insertion identified 0 candidate nets. Inserted BUFG: 0, Replicated BUFG Driver: 0, Skipped due to Placement/Routing Conflicts: 0, Skipped due to Timing Degradation: 0, Skipped due to netlist editing failed: 0.
Ending Physical Synthesis Task | Checksum: 274d98f6c

Time (s): cpu = 00:00:01 ; elapsed = 00:00:00.403 . Memory (MB): peak = 1819.199 ; gain = 0.000
Phase 4.1.1.1 BUFG Insertion | Checksum: 27b6baee8

Time (s): cpu = 00:00:15 ; elapsed = 00:00:10 . Memory (MB): peak = 1819.199 ; gain = 0.000

Phase 4.1.1.2 Post Placement Timing Optimization
INFO: [Place 30-746] Post Placement Timing Summary WNS=67.404. For the most accurate timing information please run report_timing.
Phase 4.1.1.2 Post Placement Timing Optimization | Checksum: 2ed3358d2

Time (s): cpu = 00:00:15 ; elapsed = 00:00:10 . Memory (MB): peak = 1819.199 ; gain = 0.000

Time (s): cpu = 00:00:15 ; elapsed = 00:00:10 . Memory (MB): peak = 1819.199 ; gain = 0.000
Phase 4.1 Post Commit Optimization | Checksum: 2ed3358d2

Time (s): cpu = 00:00:15 ; elapsed = 00:00:10 . Memory (MB): peak = 1819.199 ; gain = 0.000

Phase 4.2 Post Placement Cleanup
Phase 4.2 Post Placement Cleanup | Checksum: 2ed3358d2

Time (s): cpu = 00:00:15 ; elapsed = 00:00:10 . Memory (MB): peak = 1819.199 ; gain = 0.000

Phase 4.3 Placer Reporting

Phase 4.3.1 Print Estimated Congestion
INFO: [Place 30-612] Post-Placement Estimated Congestion 
 ____________________________________________________
|           | Global Congestion | Short Congestion  |
| Direction | Region Size       | Region Size       |
|___________|___________________|___________________|
|      North|                1x1|                1x1|
|___________|___________________|___________________|
|      South|                1x1|                1x1|
|___________|___________________|___________________|
|       East|                1x1|                1x1|
|___________|___________________|___________________|
|       West|                1x1|                1x1|
|___________|___________________|___________________|

Phase 4.3.1 Print Estimated Congestion | Checksum: 2ed3358d2

Time (s): cpu = 00:00:15 ; elapsed = 00:00:10 . Memory (MB): peak = 1819.199 ; gain = 0.000
Phase 4.3 Placer Reporting | Checksum: 2ed3358d2

Time (s): cpu = 00:00:15 ; elapsed = 00:00:10 . Memory (MB): peak = 1819.199 ; gain = 0.000

Phase 4.4 Final Placement Cleanup
Netlist sorting complete. Time (s): cpu = 00:00:00 ; elapsed = 00:00:00.002 . Memory (MB): peak = 1819.199 ; gain = 0.000

Time (s): cpu = 00:00:15 ; elapsed = 00:00:10 . Memory (MB): peak = 1819.199 ; gain = 0.000
Phase 4 Post Placement Optimization and Clean-Up | Checksum: 295bc48a1

Time (s): cpu = 00:00:15 ; elapsed = 00:00:10 . Memory (MB): peak = 1819.199 ; gain = 0.000
Ending Placer Task | Checksum: 1ef6757dd

Time (s): cpu = 00:00:15 ; elapsed = 00:00:10 . Memory (MB): peak = 1819.199 ; gain = 0.000
77 Infos, 0 Warnings, 0 Critical Warnings and 0 Errors encountered.
place_design completed successfully
INFO: [Common 17-600] The following parameters have non-default value.
tcl.statsThreshold
INFO: [Vivado 12-24838] Running report commands "report_control_sets, report_io, report_utilization" in parallel.
Running report generation with 2 threads.
INFO: [Vivado 12-24828] Executing command : report_io -file mic_to_led_pc_io_placed.rpt
report_io: Time (s): cpu = 00:00:00 ; elapsed = 00:00:00.018 . Memory (MB): peak = 1819.199 ; gain = 0.000
INFO: [Vivado 12-24828] Executing command : report_control_sets -verbose -file mic_to_led_pc_control_sets_placed.rpt
report_control_sets: Time (s): cpu = 00:00:00 ; elapsed = 00:00:00.017 . Memory (MB): peak = 1819.199 ; gain = 0.000
INFO: [Vivado 12-24828] Executing command : report_utilization -file mic_to_led_pc_utilization_placed.rpt -pb mic_to_led_pc_utilization_placed.pb
INFO: [Timing 38-480] Writing timing data to binary archive.
Write ShapeDB Complete: Time (s): cpu = 00:00:00 ; elapsed = 00:00:00.021 . Memory (MB): peak = 1819.199 ; gain = 0.000
Wrote PlaceDB: Time (s): cpu = 00:00:01 ; elapsed = 00:00:00.365 . Memory (MB): peak = 1819.199 ; gain = 0.000
Wrote PulsedLatchDB: Time (s): cpu = 00:00:00 ; elapsed = 00:00:00 . Memory (MB): peak = 1819.199 ; gain = 0.000
Writing XDEF routing.
Writing XDEF routing logical nets.
Writing XDEF routing special nets.
Wrote RouteStorage: Time (s): cpu = 00:00:00 ; elapsed = 00:00:00.011 . Memory (MB): peak = 1819.199 ; gain = 0.000
Wrote Netlist Cache: Time (s): cpu = 00:00:00 ; elapsed = 00:00:00.006 . Memory (MB): peak = 1819.199 ; gain = 0.000
Wrote Device Cache: Time (s): cpu = 00:00:00 ; elapsed = 00:00:00.003 . Memory (MB): peak = 1819.199 ; gain = 0.000
Write Physdb Complete: Time (s): cpu = 00:00:01 ; elapsed = 00:00:00.391 . Memory (MB): peak = 1819.199 ; gain = 0.000
INFO: [Common 17-1381] The checkpoint 'C:/Users/Nicolas Jankovsky/Documents/CytoMEMS/FPGA_Simulation/CMOD_A7_35T/FPGA_Sound_Analysis/a7_mic_processing_2/a7_mic_processing_2.runs/impl_1/mic_to_led_pc_placed.dcp' has been generated.
Command: phys_opt_design
Attempting to get a license for feature 'Implementation' and/or device 'xc7a35t'
INFO: [Common 17-349] Got license for feature 'Implementation' and/or device 'xc7a35t'

Starting Initial Update Timing Task

Time (s): cpu = 00:00:01 ; elapsed = 00:00:01 . Memory (MB): peak = 1819.199 ; gain = 0.000
INFO: [Vivado_Tcl 4-2279] Estimated Timing Summary | WNS= 67.404 | TNS= 0.000 | 
INFO: [Vivado_Tcl 4-383] Design worst setup slack (WNS) is greater than or equal to 0.000 ns. All physical synthesis setup optimizations will be skipped.
INFO: [Vivado_Tcl 4-232] No setup violation found. The netlist was not modified.
INFO: [Common 17-83] Releasing license: Implementation
89 Infos, 0 Warnings, 0 Critical Warnings and 0 Errors encountered.
phys_opt_design completed successfully
INFO: [Common 17-600] The following parameters have non-default value.
tcl.statsThreshold
INFO: [Timing 38-480] Writing timing data to binary archive.
Write ShapeDB Complete: Time (s): cpu = 00:00:01 ; elapsed = 00:00:00.023 . Memory (MB): peak = 1825.930 ; gain = 6.730
Wrote PlaceDB: Time (s): cpu = 00:00:01 ; elapsed = 00:00:00.364 . Memory (MB): peak = 1825.930 ; gain = 5.371
Wrote PulsedLatchDB: Time (s): cpu = 00:00:00 ; elapsed = 00:00:00 . Memory (MB): peak = 1825.930 ; gain = 0.000
Writing XDEF routing.
Writing XDEF routing logical nets.
Writing XDEF routing special nets.
Wrote RouteStorage: Time (s): cpu = 00:00:00 ; elapsed = 00:00:00.013 . Memory (MB): peak = 1825.930 ; gain = 0.000
Wrote Netlist Cache: Time (s): cpu = 00:00:00 ; elapsed = 00:00:00.005 . Memory (MB): peak = 1825.930 ; gain = 0.000
Wrote Device Cache: Time (s): cpu = 00:00:00 ; elapsed = 00:00:00.003 . Memory (MB): peak = 1825.930 ; gain = 0.000
Write Physdb Complete: Time (s): cpu = 00:00:01 ; elapsed = 00:00:00.389 . Memory (MB): peak = 1825.930 ; gain = 5.371
INFO: [Common 17-1381] The checkpoint 'C:/Users/Nicolas Jankovsky/Documents/CytoMEMS/FPGA_Simulation/CMOD_A7_35T/FPGA_Sound_Analysis/a7_mic_processing_2/a7_mic_processing_2.runs/impl_1/mic_to_led_pc_physopt.dcp' has been generated.
Command: route_design
Attempting to get a license for feature 'Implementation' and/or device 'xc7a35t'
INFO: [Common 17-349] Got license for feature 'Implementation' and/or device 'xc7a35t'


Starting Routing Task
INFO: [Route 35-254] Multithreading enabled for route_design using a maximum of 2 CPUs

Phase 1 Build RT Design
Checksum: PlaceDB: b972f2fd ConstDB: 0 ShapeSum: 95730889 RouteDB: a0815c57
Post Restoration Checksum: NetGraph: 1d6226f1 | NumContArr: 69e3c03b | Constraints: c2a8fa9d | Timing: c2a8fa9d
Phase 1 Build RT Design | Checksum: 20c97dc66

Time (s): cpu = 00:00:12 ; elapsed = 00:00:10 . Memory (MB): peak = 1887.395 ; gain = 61.465

Phase 2 Router Initialization

Phase 2.1 Fix Topology Constraints
Phase 2.1 Fix Topology Constraints | Checksum: 20c97dc66

Time (s): cpu = 00:00:12 ; elapsed = 00:00:10 . Memory (MB): peak = 1887.395 ; gain = 61.465

Phase 2.2 Pre Route Cleanup
Phase 2.2 Pre Route Cleanup | Checksum: 20c97dc66

Time (s): cpu = 00:00:12 ; elapsed = 00:00:10 . Memory (MB): peak = 1887.395 ; gain = 61.465
 Number of Nodes with overlaps = 0

Phase 2.3 Update Timing
Phase 2.3 Update Timing | Checksum: 2ec5e16f2

Time (s): cpu = 00:00:15 ; elapsed = 00:00:12 . Memory (MB): peak = 1930.059 ; gain = 104.129
INFO: [Route 35-416] Intermediate Timing Summary | WNS=67.632 | TNS=0.000  | WHS=-0.191 | THS=-376.417|


Router Utilization Summary
  Global Vertical Routing Utilization    = 0 %
  Global Horizontal Routing Utilization  = 0 %
  Routable Net Status*
  *Does not include unroutable nets such as driverless and loadless.
  Run report_route_status for detailed report.
  Number of Failed Nets               = 2635
    (Failed Nets is the sum of unrouted and partially routed nets)
  Number of Unrouted Nets             = 2635
  Number of Partially Routed Nets     = 0
  Number of Node Overlaps             = 0

Phase 2 Router Initialization | Checksum: 281b86c14

Time (s): cpu = 00:00:16 ; elapsed = 00:00:12 . Memory (MB): peak = 1944.152 ; gain = 118.223

Phase 3 Global Routing
Phase 3 Global Routing | Checksum: 281b86c14

Time (s): cpu = 00:00:16 ; elapsed = 00:00:12 . Memory (MB): peak = 1944.152 ; gain = 118.223

Phase 4 Initial Routing

Phase 4.1 Initial Net Routing Pass
Phase 4.1 Initial Net Routing Pass | Checksum: 297287470

Time (s): cpu = 00:00:19 ; elapsed = 00:00:14 . Memory (MB): peak = 2017.141 ; gain = 191.211
Phase 4 Initial Routing | Checksum: 297287470

Time (s): cpu = 00:00:19 ; elapsed = 00:00:14 . Memory (MB): peak = 2017.141 ; gain = 191.211

Phase 5 Rip-up And Reroute

Phase 5.1 Global Iteration 0
 Number of Nodes with overlaps = 185
 Number of Nodes with overlaps = 0
INFO: [Route 35-416] Intermediate Timing Summary | WNS=60.797 | TNS=0.000  | WHS=N/A    | THS=N/A    |

Phase 5.1 Global Iteration 0 | Checksum: 1cb0742d3

Time (s): cpu = 00:00:23 ; elapsed = 00:00:17 . Memory (MB): peak = 2017.141 ; gain = 191.211

Phase 5.2 Global Iteration 1
 Number of Nodes with overlaps = 0
INFO: [Route 35-416] Intermediate Timing Summary | WNS=60.797 | TNS=0.000  | WHS=N/A    | THS=N/A    |

Phase 5.2 Global Iteration 1 | Checksum: 26a602442

Time (s): cpu = 00:00:23 ; elapsed = 00:00:17 . Memory (MB): peak = 2017.141 ; gain = 191.211
Phase 5 Rip-up And Reroute | Checksum: 26a602442

Time (s): cpu = 00:00:23 ; elapsed = 00:00:17 . Memory (MB): peak = 2017.141 ; gain = 191.211

Phase 6 Delay and Skew Optimization

Phase 6.1 Delay CleanUp

Phase 6.1.1 Update Timing
Phase 6.1.1 Update Timing | Checksum: 26a602442

Time (s): cpu = 00:00:23 ; elapsed = 00:00:17 . Memory (MB): peak = 2017.141 ; gain = 191.211
INFO: [Route 35-416] Intermediate Timing Summary | WNS=60.797 | TNS=0.000  | WHS=N/A    | THS=N/A    |

Phase 6.1 Delay CleanUp | Checksum: 26a602442

Time (s): cpu = 00:00:23 ; elapsed = 00:00:17 . Memory (MB): peak = 2017.141 ; gain = 191.211

Phase 6.2 Clock Skew Optimization
Phase 6.2 Clock Skew Optimization | Checksum: 26a602442

Time (s): cpu = 00:00:23 ; elapsed = 00:00:17 . Memory (MB): peak = 2017.141 ; gain = 191.211
Phase 6 Delay and Skew Optimization | Checksum: 26a602442

Time (s): cpu = 00:00:23 ; elapsed = 00:00:17 . Memory (MB): peak = 2017.141 ; gain = 191.211

Phase 7 Post Hold Fix

Phase 7.1 Hold Fix Iter
INFO: [Route 35-416] Intermediate Timing Summary | WNS=60.797 | TNS=0.000  | WHS=0.044  | THS=0.000  |

Phase 7.1 Hold Fix Iter | Checksum: 2fc917a87

Time (s): cpu = 00:00:24 ; elapsed = 00:00:18 . Memory (MB): peak = 2017.141 ; gain = 191.211
Phase 7 Post Hold Fix | Checksum: 2fc917a87

Time (s): cpu = 00:00:24 ; elapsed = 00:00:18 . Memory (MB): peak = 2017.141 ; gain = 191.211

Phase 8 Route finalize

Router Utilization Summary
  Global Vertical Routing Utilization    = 4.96197 %
  Global Horizontal Routing Utilization  = 3.9944 %
  Routable Net Status*
  *Does not include unroutable nets such as driverless and loadless.
  Run report_route_status for detailed report.
  Number of Failed Nets               = 0
    (Failed Nets is the sum of unrouted and partially routed nets)
  Number of Unrouted Nets             = 0
  Number of Partially Routed Nets     = 0
  Number of Node Overlaps             = 0

Phase 8 Route finalize | Checksum: 2fc917a87

Time (s): cpu = 00:00:24 ; elapsed = 00:00:18 . Memory (MB): peak = 2017.141 ; gain = 191.211

Phase 9 Verifying routed nets

 Verification completed successfully
Phase 9 Verifying routed nets | Checksum: 2fc917a87

Time (s): cpu = 00:00:24 ; elapsed = 00:00:18 . Memory (MB): peak = 2017.141 ; gain = 191.211

Phase 10 Depositing Routes
Phase 10 Depositing Routes | Checksum: 2f33330aa

Time (s): cpu = 00:00:24 ; elapsed = 00:00:18 . Memory (MB): peak = 2017.141 ; gain = 191.211

Phase 11 Post Process Routing
Phase 11 Post Process Routing | Checksum: 2f33330aa

Time (s): cpu = 00:00:24 ; elapsed = 00:00:18 . Memory (MB): peak = 2017.141 ; gain = 191.211

Phase 12 Post Router Timing
INFO: [Route 35-57] Estimated Timing Summary | WNS=60.797 | TNS=0.000  | WHS=0.044  | THS=0.000  |

INFO: [Route 35-327] The final timing numbers are based on the router estimated timing analysis. For a complete and accurate timing signoff, please run report_timing_summary.
Phase 12 Post Router Timing | Checksum: 2f33330aa

Time (s): cpu = 00:00:24 ; elapsed = 00:00:18 . Memory (MB): peak = 2017.141 ; gain = 191.211
Total Elapsed time in route_design: 18.017 secs

Phase 13 Post-Route Event Processing
Phase 13 Post-Route Event Processing | Checksum: 1746ca458

Time (s): cpu = 00:00:24 ; elapsed = 00:00:18 . Memory (MB): peak = 2017.141 ; gain = 191.211
INFO: [Route 35-16] Router Completed Successfully
Ending Routing Task | Checksum: 1746ca458

Time (s): cpu = 00:00:25 ; elapsed = 00:00:18 . Memory (MB): peak = 2017.141 ; gain = 191.211

Routing Is Done.
INFO: [Common 17-83] Releasing license: Implementation
103 Infos, 0 Warnings, 0 Critical Warnings and 0 Errors encountered.
route_design completed successfully
INFO: [Common 17-600] The following parameters have non-default value.
tcl.statsThreshold
INFO: [Vivado 12-24828] Executing command : report_drc -file mic_to_led_pc_drc_routed.rpt -pb mic_to_led_pc_drc_routed.pb -rpx mic_to_led_pc_drc_routed.rpx
Command: report_drc -file mic_to_led_pc_drc_routed.rpt -pb mic_to_led_pc_drc_routed.pb -rpx mic_to_led_pc_drc_routed.rpx
INFO: [IP_Flow 19-1839] IP Catalog is up to date.
INFO: [DRC 23-27] Running DRC with 2 threads
INFO: [Vivado_Tcl 2-168] The results of DRC are in file C:/Users/Nicolas Jankovsky/Documents/CytoMEMS/FPGA_Simulation/CMOD_A7_35T/FPGA_Sound_Analysis/a7_mic_processing_2/a7_mic_processing_2.runs/impl_1/mic_to_led_pc_drc_routed.rpt.
report_drc completed successfully
INFO: [Vivado 12-24828] Executing command : report_methodology -file mic_to_led_pc_methodology_drc_routed.rpt -pb mic_to_led_pc_methodology_drc_routed.pb -rpx mic_to_led_pc_methodology_drc_routed.rpx
Command: report_methodology -file mic_to_led_pc_methodology_drc_routed.rpt -pb mic_to_led_pc_methodology_drc_routed.pb -rpx mic_to_led_pc_methodology_drc_routed.rpx
INFO: [Timing 38-35] Done setting XDC timing constraints.
INFO: [DRC 23-133] Running Methodology with 2 threads
INFO: [Vivado_Tcl 2-1520] The results of Report Methodology are in file C:/Users/Nicolas Jankovsky/Documents/CytoMEMS/FPGA_Simulation/CMOD_A7_35T/FPGA_Sound_Analysis/a7_mic_processing_2/a7_mic_processing_2.runs/impl_1/mic_to_led_pc_methodology_drc_routed.rpt.
report_methodology completed successfully
INFO: [Vivado 12-24828] Executing command : report_timing_summary -max_paths 10 -report_unconstrained -file mic_to_led_pc_timing_summary_routed.rpt -pb mic_to_led_pc_timing_summary_routed.pb -rpx mic_to_led_pc_timing_summary_routed.rpx -warn_on_violation 
INFO: [Timing 38-35] Done setting XDC timing constraints.
INFO: [Timing 38-91] UpdateTimingParams: Speed grade: -1, Delay Type: min_max.
INFO: [Timing 38-191] Multithreading enabled for timing update using a maximum of 2 CPUs
INFO: [Vivado 12-24838] Running report commands "report_incremental_reuse, report_route_status" in parallel.
Running report generation with 2 threads.
INFO: [Vivado 12-24828] Executing command : report_incremental_reuse -file mic_to_led_pc_incremental_reuse_routed.rpt
INFO: [Vivado_Tcl 4-1062] Incremental flow is disabled. No incremental reuse Info to report.
INFO: [Vivado 12-24828] Executing command : report_route_status -file mic_to_led_pc_route_status.rpt -pb mic_to_led_pc_route_status.pb
INFO: [Vivado 12-24828] Executing command : report_power -file mic_to_led_pc_power_routed.rpt -pb mic_to_led_pc_power_summary_routed.pb -rpx mic_to_led_pc_power_routed.rpx
Command: report_power -file mic_to_led_pc_power_routed.rpt -pb mic_to_led_pc_power_summary_routed.pb -rpx mic_to_led_pc_power_routed.rpx
Running Vector-less Activity Propagation...

Finished Running Vector-less Activity Propagation
121 Infos, 0 Warnings, 0 Critical Warnings and 0 Errors encountered.
report_power completed successfully
INFO: [Vivado 12-24828] Executing command : report_clock_utilization -file mic_to_led_pc_clock_utilization_routed.rpt
INFO: [Vivado 12-24828] Executing command : report_bus_skew -warn_on_violation -file mic_to_led_pc_bus_skew_routed.rpt -pb mic_to_led_pc_bus_skew_routed.pb -rpx mic_to_led_pc_bus_skew_routed.rpx
INFO: [Timing 38-91] UpdateTimingParams: Speed grade: -1, Delay Type: min_max.
INFO: [Timing 38-191] Multithreading enabled for timing update using a maximum of 2 CPUs
INFO: [Timing 38-480] Writing timing data to binary archive.
Write ShapeDB Complete: Time (s): cpu = 00:00:00 ; elapsed = 00:00:00.021 . Memory (MB): peak = 2019.379 ; gain = 2.238
Wrote PlaceDB: Time (s): cpu = 00:00:01 ; elapsed = 00:00:00.362 . Memory (MB): peak = 2022.539 ; gain = 5.398
Wrote PulsedLatchDB: Time (s): cpu = 00:00:00 ; elapsed = 00:00:00 . Memory (MB): peak = 2022.539 ; gain = 0.000
Writing XDEF routing.
Writing XDEF routing logical nets.
Writing XDEF routing special nets.
Wrote RouteStorage: Time (s): cpu = 00:00:00 ; elapsed = 00:00:00.044 . Memory (MB): peak = 2022.539 ; gain = 0.000
Wrote Netlist Cache: Time (s): cpu = 00:00:00 ; elapsed = 00:00:00.005 . Memory (MB): peak = 2022.539 ; gain = 0.000
Wrote Device Cache: Time (s): cpu = 00:00:00 ; elapsed = 00:00:00.004 . Memory (MB): peak = 2022.539 ; gain = 0.000
Write Physdb Complete: Time (s): cpu = 00:00:01 ; elapsed = 00:00:00.420 . Memory (MB): peak = 2022.539 ; gain = 5.398
INFO: [Common 17-1381] The checkpoint 'C:/Users/Nicolas Jankovsky/Documents/CytoMEMS/FPGA_Simulation/CMOD_A7_35T/FPGA_Sound_Analysis/a7_mic_processing_2/a7_mic_processing_2.runs/impl_1/mic_to_led_pc_routed.dcp' has been generated.
Command: write_bitstream -force mic_to_led_pc.bit
Attempting to get a license for feature 'Implementation' and/or device 'xc7a35t'
INFO: [Common 17-349] Got license for feature 'Implementation' and/or device 'xc7a35t'
Running DRC as a precondition to command write_bitstream
INFO: [IP_Flow 19-1839] IP Catalog is up to date.
INFO: [DRC 23-27] Running DRC with 2 threads
INFO: [Vivado 12-3199] DRC finished with 0 Errors
INFO: [Vivado 12-3200] Please refer to the DRC report (report_drc) for more information.
INFO: [Designutils 20-2272] Running write_bitstream with 2 threads.
Loading data files...
Loading site data...
Loading route data...
Processing options...
Creating bitmap...
Creating bitstream...
Writing bitstream ./mic_to_led_pc.bit...
INFO: [Vivado 12-1842] Bitgen Completed Successfully.
INFO: [Project 1-1876] WebTalk data collection is mandatory when using a ULT device. To see the specific WebTalk data collected for your design, open the usage_statistics_webtalk.html or usage_statistics_webtalk.xml file in the implementation directory.
INFO: [Common 17-83] Releasing license: Implementation
136 Infos, 0 Warnings, 0 Critical Warnings and 0 Errors encountered.
write_bitstream completed successfully
INFO: [Common 17-206] Exiting Vivado at Thu Jun  5 15:01:12 2025...
