
*** Running vivado
    with args -log xadc_wiz_0.vds -m64 -product Vivado -mode batch -messageDb vivado.pb -notrace -source xadc_wiz_0.tcl


****** Vivado v2024.2 (64-bit)
  **** SW Build 5239630 on Fri Nov 08 22:34:34 MST 2024
  **** IP Build 5239520 on Sun Nov 10 16:12:51 MST 2024
  **** SharedData Build 5239561 on Fri Nov 08 14:39:27 MST 2024
  **** Start of session at: Tue May 20 12:01:09 2025
    ** Copyright 1986-2022 Xilinx, Inc. All Rights Reserved.
    ** Copyright 2022-2024 Advanced Micro Devices, Inc. All Rights Reserved.

source xadc_wiz_0.tcl -notrace
INFO: [IP_Flow 19-6924] IPCACHE: Running cache check for IP inst: xadc_wiz_0
Command: synth_design -top xadc_wiz_0 -part xc7a35tcpg236-1 -incremental_mode off -mode out_of_context
Starting synth_design
Attempting to get a license for feature 'Synthesis' and/or device 'xc7a35t'
INFO: [Common 17-349] Got license for feature 'Synthesis' and/or device 'xc7a35t'
INFO: [Device 21-403] Loading part xc7a35tcpg236-1
INFO: [Synth 8-7079] Multithreading enabled for synth_design using a maximum of 7 processes.
INFO: [Synth 8-7078] Launching helper process for spawning children vivado processes
INFO: [Synth 8-7075] Helper process launched with PID 8862
---------------------------------------------------------------------------------
Starting RTL Elaboration : Time (s): cpu = 00:00:03 ; elapsed = 00:00:03 . Memory (MB): peak = 1888.105 ; gain = 420.797 ; free physical = 266 ; free virtual = 3695
---------------------------------------------------------------------------------
INFO: [Synth 8-6157] synthesizing module 'xadc_wiz_0' [/home/njankovsky/Documents/FPGA/Cmod A7/a7_anlog_mic_1/a7_anlog_mic_1/a7_anlog_mic_1.gen/sources_1/ip/xadc_wiz_0/xadc_wiz_0.v:50]
INFO: [Synth 8-6157] synthesizing module 'XADC' [/tools/Xilinx/Vivado/2024.2/scripts/rt/data/unisim_comp.v:154822]
	Parameter INIT_40 bound to: 16'b0000000000010100 
	Parameter INIT_41 bound to: 16'b0011000110101111 
	Parameter INIT_42 bound to: 16'b0000010000000000 
	Parameter INIT_48 bound to: 16'b0000000100000000 
	Parameter INIT_49 bound to: 16'b0000000000000000 
	Parameter INIT_4A bound to: 16'b0000000000000000 
	Parameter INIT_4B bound to: 16'b0000000000000000 
	Parameter INIT_4C bound to: 16'b0000000000000000 
	Parameter INIT_4D bound to: 16'b0000000000000000 
	Parameter INIT_4E bound to: 16'b0000000000000000 
	Parameter INIT_4F bound to: 16'b0000000000000000 
	Parameter INIT_50 bound to: 16'b1011010111101101 
	Parameter INIT_51 bound to: 16'b0101011111100100 
	Parameter INIT_52 bound to: 16'b1010000101000111 
	Parameter INIT_53 bound to: 16'b1100101000110011 
	Parameter INIT_54 bound to: 16'b1010100100111010 
	Parameter INIT_55 bound to: 16'b0101001011000110 
	Parameter INIT_56 bound to: 16'b1001010101010101 
	Parameter INIT_57 bound to: 16'b1010111001001110 
	Parameter INIT_58 bound to: 16'b0101100110011001 
	Parameter INIT_5C bound to: 16'b0101000100010001 
	Parameter SIM_DEVICE bound to: 7SERIES - type: string 
	Parameter SIM_MONITOR_FILE bound to: design.txt - type: string 
INFO: [Synth 8-6155] done synthesizing module 'XADC' (0#1) [/tools/Xilinx/Vivado/2024.2/scripts/rt/data/unisim_comp.v:154822]
INFO: [Synth 8-6155] done synthesizing module 'xadc_wiz_0' (0#1) [/home/njankovsky/Documents/FPGA/Cmod A7/a7_anlog_mic_1/a7_anlog_mic_1/a7_anlog_mic_1.gen/sources_1/ip/xadc_wiz_0/xadc_wiz_0.v:50]
---------------------------------------------------------------------------------
Finished RTL Elaboration : Time (s): cpu = 00:00:04 ; elapsed = 00:00:04 . Memory (MB): peak = 1959.074 ; gain = 491.766 ; free physical = 155 ; free virtual = 3586
---------------------------------------------------------------------------------
---------------------------------------------------------------------------------
Start Handling Custom Attributes
---------------------------------------------------------------------------------
---------------------------------------------------------------------------------
Finished Handling Custom Attributes : Time (s): cpu = 00:00:04 ; elapsed = 00:00:05 . Memory (MB): peak = 1976.887 ; gain = 509.578 ; free physical = 149 ; free virtual = 3584
---------------------------------------------------------------------------------
---------------------------------------------------------------------------------
Finished RTL Optimization Phase 1 : Time (s): cpu = 00:00:04 ; elapsed = 00:00:05 . Memory (MB): peak = 1976.887 ; gain = 509.578 ; free physical = 149 ; free virtual = 3584
---------------------------------------------------------------------------------
Netlist sorting complete. Time (s): cpu = 00:00:00 ; elapsed = 00:00:00 . Memory (MB): peak = 1982.824 ; gain = 0.000 ; free physical = 137 ; free virtual = 3572
INFO: [Netlist 29-17] Analyzing 1 Unisim elements for replacement
INFO: [Netlist 29-28] Unisim Transformation completed in 0 CPU seconds
INFO: [Project 1-570] Preparing netlist for logic optimization

Processing XDC Constraints
Initializing timing engine
Parsing XDC File [/home/njankovsky/Documents/FPGA/Cmod A7/a7_anlog_mic_1/a7_anlog_mic_1/a7_anlog_mic_1.gen/sources_1/ip/xadc_wiz_0/xadc_wiz_0_ooc.xdc] for cell 'inst'
Finished Parsing XDC File [/home/njankovsky/Documents/FPGA/Cmod A7/a7_anlog_mic_1/a7_anlog_mic_1/a7_anlog_mic_1.gen/sources_1/ip/xadc_wiz_0/xadc_wiz_0_ooc.xdc] for cell 'inst'
Parsing XDC File [/home/njankovsky/Documents/FPGA/Cmod A7/a7_anlog_mic_1/a7_anlog_mic_1/a7_anlog_mic_1.gen/sources_1/ip/xadc_wiz_0/xadc_wiz_0.xdc] for cell 'inst'
Finished Parsing XDC File [/home/njankovsky/Documents/FPGA/Cmod A7/a7_anlog_mic_1/a7_anlog_mic_1/a7_anlog_mic_1.gen/sources_1/ip/xadc_wiz_0/xadc_wiz_0.xdc] for cell 'inst'
Parsing XDC File [/home/njankovsky/Documents/FPGA/Cmod A7/a7_anlog_mic_1/a7_anlog_mic_1/a7_anlog_mic_1.runs/xadc_wiz_0_synth_1/dont_touch.xdc]
Finished Parsing XDC File [/home/njankovsky/Documents/FPGA/Cmod A7/a7_anlog_mic_1/a7_anlog_mic_1/a7_anlog_mic_1.runs/xadc_wiz_0_synth_1/dont_touch.xdc]
Completed Processing XDC Constraints

Netlist sorting complete. Time (s): cpu = 00:00:00 ; elapsed = 00:00:00 . Memory (MB): peak = 2049.824 ; gain = 0.000 ; free physical = 210 ; free virtual = 3590
INFO: [Project 1-111] Unisim Transformation Summary:
No Unisim elements were transformed.

Constraint Validation Runtime : Time (s): cpu = 00:00:00.01 ; elapsed = 00:00:00.01 . Memory (MB): peak = 2049.824 ; gain = 0.000 ; free physical = 210 ; free virtual = 3591
INFO: [Designutils 20-5008] Incremental synthesis strategy off
---------------------------------------------------------------------------------
Finished Constraint Validation : Time (s): cpu = 00:00:09 ; elapsed = 00:00:09 . Memory (MB): peak = 2049.824 ; gain = 582.516 ; free physical = 200 ; free virtual = 3586
---------------------------------------------------------------------------------
---------------------------------------------------------------------------------
Start Loading Part and Timing Information
---------------------------------------------------------------------------------
Loading part: xc7a35tcpg236-1
---------------------------------------------------------------------------------
Finished Loading Part and Timing Information : Time (s): cpu = 00:00:09 ; elapsed = 00:00:09 . Memory (MB): peak = 2057.828 ; gain = 590.520 ; free physical = 200 ; free virtual = 3586
---------------------------------------------------------------------------------
---------------------------------------------------------------------------------
Start Applying 'set_property' XDC Constraints
---------------------------------------------------------------------------------
Applied set_property KEEP_HIERARCHY = SOFT for inst. (constraint file  {/home/njankovsky/Documents/FPGA/Cmod A7/a7_anlog_mic_1/a7_anlog_mic_1/a7_anlog_mic_1.runs/xadc_wiz_0_synth_1/dont_touch.xdc}, line 9).
---------------------------------------------------------------------------------
Finished applying 'set_property' XDC Constraints : Time (s): cpu = 00:00:09 ; elapsed = 00:00:09 . Memory (MB): peak = 2057.828 ; gain = 590.520 ; free physical = 200 ; free virtual = 3587
---------------------------------------------------------------------------------
---------------------------------------------------------------------------------
Finished RTL Optimization Phase 2 : Time (s): cpu = 00:00:09 ; elapsed = 00:00:09 . Memory (MB): peak = 2057.828 ; gain = 590.520 ; free physical = 200 ; free virtual = 3587
---------------------------------------------------------------------------------
---------------------------------------------------------------------------------
Start RTL Component Statistics 
---------------------------------------------------------------------------------
Detailed RTL Component Info : 
---------------------------------------------------------------------------------
Finished RTL Component Statistics 
---------------------------------------------------------------------------------
---------------------------------------------------------------------------------
Start Part Resource Summary
---------------------------------------------------------------------------------
Part Resources:
DSPs: 90 (col length:60)
BRAMs: 100 (col length: RAMB18 60 RAMB36 30)
---------------------------------------------------------------------------------
Finished Part Resource Summary
---------------------------------------------------------------------------------
---------------------------------------------------------------------------------
Start Cross Boundary and Area Optimization
---------------------------------------------------------------------------------
WARNING: [Synth 8-7080] Parallel synthesis criteria is not met
---------------------------------------------------------------------------------
Finished Cross Boundary and Area Optimization : Time (s): cpu = 00:00:10 ; elapsed = 00:00:10 . Memory (MB): peak = 2057.828 ; gain = 590.520 ; free physical = 200 ; free virtual = 3587
---------------------------------------------------------------------------------
---------------------------------------------------------------------------------
Start Applying XDC Timing Constraints
---------------------------------------------------------------------------------
---------------------------------------------------------------------------------
Finished Applying XDC Timing Constraints : Time (s): cpu = 00:00:14 ; elapsed = 00:00:14 . Memory (MB): peak = 2127.828 ; gain = 660.520 ; free physical = 216 ; free virtual = 3555
---------------------------------------------------------------------------------
---------------------------------------------------------------------------------
Start Timing Optimization
---------------------------------------------------------------------------------
---------------------------------------------------------------------------------
Finished Timing Optimization : Time (s): cpu = 00:00:14 ; elapsed = 00:00:14 . Memory (MB): peak = 2127.828 ; gain = 660.520 ; free physical = 216 ; free virtual = 3555
---------------------------------------------------------------------------------
---------------------------------------------------------------------------------
Start Technology Mapping
---------------------------------------------------------------------------------
---------------------------------------------------------------------------------
Finished Technology Mapping : Time (s): cpu = 00:00:14 ; elapsed = 00:00:14 . Memory (MB): peak = 2137.844 ; gain = 670.535 ; free physical = 200 ; free virtual = 3540
---------------------------------------------------------------------------------
---------------------------------------------------------------------------------
Start IO Insertion
---------------------------------------------------------------------------------
---------------------------------------------------------------------------------
Start Flattening Before IO Insertion
---------------------------------------------------------------------------------
---------------------------------------------------------------------------------
Finished Flattening Before IO Insertion
---------------------------------------------------------------------------------
---------------------------------------------------------------------------------
Start Final Netlist Cleanup
---------------------------------------------------------------------------------
---------------------------------------------------------------------------------
Finished Final Netlist Cleanup
---------------------------------------------------------------------------------
---------------------------------------------------------------------------------
Finished IO Insertion : Time (s): cpu = 00:00:16 ; elapsed = 00:00:17 . Memory (MB): peak = 2299.656 ; gain = 832.348 ; free physical = 179 ; free virtual = 3388
---------------------------------------------------------------------------------
---------------------------------------------------------------------------------
Start Renaming Generated Instances
---------------------------------------------------------------------------------
---------------------------------------------------------------------------------
Finished Renaming Generated Instances : Time (s): cpu = 00:00:16 ; elapsed = 00:00:17 . Memory (MB): peak = 2299.656 ; gain = 832.348 ; free physical = 179 ; free virtual = 3388
---------------------------------------------------------------------------------
---------------------------------------------------------------------------------
Start Rebuilding User Hierarchy
---------------------------------------------------------------------------------
---------------------------------------------------------------------------------
Finished Rebuilding User Hierarchy : Time (s): cpu = 00:00:16 ; elapsed = 00:00:17 . Memory (MB): peak = 2299.656 ; gain = 832.348 ; free physical = 179 ; free virtual = 3388
---------------------------------------------------------------------------------
---------------------------------------------------------------------------------
Start Renaming Generated Ports
---------------------------------------------------------------------------------
---------------------------------------------------------------------------------
Finished Renaming Generated Ports : Time (s): cpu = 00:00:16 ; elapsed = 00:00:17 . Memory (MB): peak = 2299.656 ; gain = 832.348 ; free physical = 179 ; free virtual = 3388
---------------------------------------------------------------------------------
---------------------------------------------------------------------------------
Start Handling Custom Attributes
---------------------------------------------------------------------------------
---------------------------------------------------------------------------------
Finished Handling Custom Attributes : Time (s): cpu = 00:00:16 ; elapsed = 00:00:17 . Memory (MB): peak = 2299.656 ; gain = 832.348 ; free physical = 179 ; free virtual = 3388
---------------------------------------------------------------------------------
---------------------------------------------------------------------------------
Start Renaming Generated Nets
---------------------------------------------------------------------------------
---------------------------------------------------------------------------------
Finished Renaming Generated Nets : Time (s): cpu = 00:00:16 ; elapsed = 00:00:17 . Memory (MB): peak = 2299.656 ; gain = 832.348 ; free physical = 179 ; free virtual = 3388
---------------------------------------------------------------------------------
---------------------------------------------------------------------------------
Start Writing Synthesis Report
---------------------------------------------------------------------------------

Report BlackBoxes: 
+-+--------------+----------+
| |BlackBox name |Instances |
+-+--------------+----------+
+-+--------------+----------+

Report Cell Usage: 
+------+-----+------+
|      |Cell |Count |
+------+-----+------+
|1     |XADC |     1|
+------+-----+------+
---------------------------------------------------------------------------------
Finished Writing Synthesis Report : Time (s): cpu = 00:00:16 ; elapsed = 00:00:17 . Memory (MB): peak = 2299.656 ; gain = 832.348 ; free physical = 179 ; free virtual = 3388
---------------------------------------------------------------------------------
Synthesis finished with 0 errors, 0 critical warnings and 1 warnings.
Synthesis Optimization Runtime : Time (s): cpu = 00:00:15 ; elapsed = 00:00:16 . Memory (MB): peak = 2299.656 ; gain = 759.410 ; free physical = 179 ; free virtual = 3388
Synthesis Optimization Complete : Time (s): cpu = 00:00:16 ; elapsed = 00:00:17 . Memory (MB): peak = 2299.664 ; gain = 832.348 ; free physical = 179 ; free virtual = 3388
INFO: [Project 1-571] Translating synthesized netlist
Netlist sorting complete. Time (s): cpu = 00:00:00 ; elapsed = 00:00:00 . Memory (MB): peak = 2299.664 ; gain = 0.000 ; free physical = 179 ; free virtual = 3388
INFO: [Netlist 29-17] Analyzing 1 Unisim elements for replacement
INFO: [Netlist 29-28] Unisim Transformation completed in 0 CPU seconds
INFO: [Project 1-570] Preparing netlist for logic optimization
INFO: [Opt 31-138] Pushed 0 inverter(s) to 0 load pin(s).
Netlist sorting complete. Time (s): cpu = 00:00:00 ; elapsed = 00:00:00 . Memory (MB): peak = 2299.664 ; gain = 0.000 ; free physical = 324 ; free virtual = 3537
INFO: [Project 1-111] Unisim Transformation Summary:
No Unisim elements were transformed.

Synth Design complete | Checksum: f3b33fbd
INFO: [Common 17-83] Releasing license: Synthesis
22 Infos, 1 Warnings, 0 Critical Warnings and 0 Errors encountered.
synth_design completed successfully
INFO: [Common 17-600] The following parameters have non-default value.
tcl.statsThreshold
Write ShapeDB Complete: Time (s): cpu = 00:00:00 ; elapsed = 00:00:00 . Memory (MB): peak = 2323.668 ; gain = 0.000 ; free physical = 320 ; free virtual = 3534
INFO: [Common 17-1381] The checkpoint '/home/njankovsky/Documents/FPGA/Cmod A7/a7_anlog_mic_1/a7_anlog_mic_1/a7_anlog_mic_1.runs/xadc_wiz_0_synth_1/xadc_wiz_0.dcp' has been generated.
INFO: [Coretcl 2-1648] Added synthesis output to IP cache for IP xadc_wiz_0, cache-ID = f720682122c6b0f6
Write ShapeDB Complete: Time (s): cpu = 00:00:00 ; elapsed = 00:00:00 . Memory (MB): peak = 2347.680 ; gain = 0.000 ; free physical = 308 ; free virtual = 3523
INFO: [Common 17-1381] The checkpoint '/home/njankovsky/Documents/FPGA/Cmod A7/a7_anlog_mic_1/a7_anlog_mic_1/a7_anlog_mic_1.runs/xadc_wiz_0_synth_1/xadc_wiz_0.dcp' has been generated.
INFO: [Vivado 12-24828] Executing command : report_utilization -file xadc_wiz_0_utilization_synth.rpt -pb xadc_wiz_0_utilization_synth.pb
INFO: [Common 17-206] Exiting Vivado at Tue May 20 12:01:32 2025...
