
*** Running vivado
    with args -log mic_to_led_pc.vdi -applog -m64 -product Vivado -messageDb vivado.pb -mode batch -source mic_to_led_pc.tcl -notrace


****** Vivado v2024.2 (64-bit)
  **** SW Build 5239630 on Fri Nov 08 22:34:34 MST 2024
  **** IP Build 5239520 on Sun Nov 10 16:12:51 MST 2024
  **** SharedData Build 5239561 on Fri Nov 08 14:39:27 MST 2024
  **** Start of session at: Tue May 20 14:30:42 2025
    ** Copyright 1986-2022 Xilinx, Inc. All Rights Reserved.
    ** Copyright 2022-2024 Advanced Micro Devices, Inc. All Rights Reserved.

source mic_to_led_pc.tcl -notrace
Command: link_design -top mic_to_led_pc -part xc7a35tcpg236-1
Design is defaulting to srcset: sources_1
Design is defaulting to constrset: constrs_1
INFO: [Device 21-403] Loading part xc7a35tcpg236-1
INFO: [Project 1-454] Reading design checkpoint '/home/njankovsky/Documents/FPGA/Cmod A7/a7_anlog_mic_1/a7_anlog_mic_1/a7_anlog_mic_1.gen/sources_1/ip/xadc_wiz_0/xadc_wiz_0.dcp' for cell 'xadc'
Netlist sorting complete. Time (s): cpu = 00:00:00 ; elapsed = 00:00:00 . Memory (MB): peak = 1475.547 ; gain = 0.000 ; free physical = 470 ; free virtual = 2275
INFO: [Netlist 29-17] Analyzing 5 Unisim elements for replacement
INFO: [Netlist 29-28] Unisim Transformation completed in 0 CPU seconds
INFO: [Project 1-479] Netlist was created with Vivado 2024.2
INFO: [Project 1-570] Preparing netlist for logic optimization
Parsing XDC File [/home/njankovsky/Documents/FPGA/Cmod A7/a7_anlog_mic_1/a7_anlog_mic_1/a7_anlog_mic_1.gen/sources_1/ip/xadc_wiz_0/xadc_wiz_0.xdc] for cell 'xadc/inst'
Finished Parsing XDC File [/home/njankovsky/Documents/FPGA/Cmod A7/a7_anlog_mic_1/a7_anlog_mic_1/a7_anlog_mic_1.gen/sources_1/ip/xadc_wiz_0/xadc_wiz_0.xdc] for cell 'xadc/inst'
Parsing XDC File [/home/njankovsky/Documents/FPGA/Cmod A7/a7_anlog_mic_1/a7_anlog_mic_1/a7_anlog_mic_1.srcs/constrs_1/imports/Cmod A7/Cmod-A7-Master.xdc]
Finished Parsing XDC File [/home/njankovsky/Documents/FPGA/Cmod A7/a7_anlog_mic_1/a7_anlog_mic_1/a7_anlog_mic_1.srcs/constrs_1/imports/Cmod A7/Cmod-A7-Master.xdc]
INFO: [Opt 31-138] Pushed 0 inverter(s) to 0 load pin(s).
Netlist sorting complete. Time (s): cpu = 00:00:00 ; elapsed = 00:00:00 . Memory (MB): peak = 1675.996 ; gain = 0.000 ; free physical = 335 ; free virtual = 2136
INFO: [Project 1-111] Unisim Transformation Summary:
No Unisim elements were transformed.

8 Infos, 0 Warnings, 0 Critical Warnings and 0 Errors encountered.
link_design completed successfully
Command: opt_design
Attempting to get a license for feature 'Implementation' and/or device 'xc7a35t'
INFO: [Common 17-349] Got license for feature 'Implementation' and/or device 'xc7a35t'
Running DRC as a precondition to command opt_design

Starting DRC Task
INFO: [DRC 23-27] Running DRC with 4 threads
INFO: [Project 1-461] DRC finished with 0 Errors
INFO: [Project 1-462] Please refer to the DRC report (report_drc) for more information.

Time (s): cpu = 00:00:01 ; elapsed = 00:00:00.54 . Memory (MB): peak = 1749.371 ; gain = 73.375 ; free physical = 294 ; free virtual = 2096

Starting Cache Timing Information Task
INFO: [Timing 38-35] Done setting XDC timing constraints.
Ending Cache Timing Information Task | Checksum: 12b4e6857

Time (s): cpu = 00:00:05 ; elapsed = 00:00:05 . Memory (MB): peak = 2182.168 ; gain = 432.797 ; free physical = 197 ; free virtual = 1732

Starting Logic Optimization Task

Phase 1 Initialization

Phase 1.1 Core Generation And Design Setup
Phase 1.1 Core Generation And Design Setup | Checksum: 12b4e6857

Time (s): cpu = 00:00:00.01 ; elapsed = 00:00:00 . Memory (MB): peak = 2525.090 ; gain = 0.000 ; free physical = 191 ; free virtual = 1392

Phase 1.2 Setup Constraints And Sort Netlist
Phase 1.2 Setup Constraints And Sort Netlist | Checksum: 12b4e6857

Time (s): cpu = 00:00:00.01 ; elapsed = 00:00:00 . Memory (MB): peak = 2525.090 ; gain = 0.000 ; free physical = 191 ; free virtual = 1393
Phase 1 Initialization | Checksum: 12b4e6857

Time (s): cpu = 00:00:00.01 ; elapsed = 00:00:00 . Memory (MB): peak = 2525.090 ; gain = 0.000 ; free physical = 191 ; free virtual = 1393

Phase 2 Timer Update And Timing Data Collection

Phase 2.1 Timer Update
Phase 2.1 Timer Update | Checksum: 12b4e6857

Time (s): cpu = 00:00:00.01 ; elapsed = 00:00:00.01 . Memory (MB): peak = 2525.090 ; gain = 0.000 ; free physical = 191 ; free virtual = 1394

Phase 2.2 Timing Data Collection
Phase 2.2 Timing Data Collection | Checksum: 12b4e6857

Time (s): cpu = 00:00:00.02 ; elapsed = 00:00:00.01 . Memory (MB): peak = 2525.090 ; gain = 0.000 ; free physical = 190 ; free virtual = 1394
Phase 2 Timer Update And Timing Data Collection | Checksum: 12b4e6857

Time (s): cpu = 00:00:00.02 ; elapsed = 00:00:00.01 . Memory (MB): peak = 2525.090 ; gain = 0.000 ; free physical = 190 ; free virtual = 1394

Phase 3 Retarget
INFO: [Opt 31-1851] Number of loadless carry chains removed were: 0
INFO: [Opt 31-1834] Total Chains To Be Transformed Were: 0 AND Number of Transformed insts Created are: 0
INFO: [Opt 31-138] Pushed 0 inverter(s) to 0 load pin(s).
INFO: [Opt 31-49] Retargeted 0 cell(s).
Phase 3 Retarget | Checksum: 12b4e6857

Time (s): cpu = 00:00:00.02 ; elapsed = 00:00:00.02 . Memory (MB): peak = 2525.090 ; gain = 0.000 ; free physical = 190 ; free virtual = 1395
Retarget | Checksum: 12b4e6857
INFO: [Opt 31-389] Phase Retarget created 0 cells and removed 0 cells

Phase 4 Constant propagation
INFO: [Opt 31-138] Pushed 0 inverter(s) to 0 load pin(s).
Phase 4 Constant propagation | Checksum: 12b4e6857

Time (s): cpu = 00:00:00.02 ; elapsed = 00:00:00.03 . Memory (MB): peak = 2525.090 ; gain = 0.000 ; free physical = 190 ; free virtual = 1395
Constant propagation | Checksum: 12b4e6857
INFO: [Opt 31-389] Phase Constant propagation created 0 cells and removed 0 cells

Phase 5 Sweep
INFO: [Constraints 18-11670] Building netlist checker database with flags, 0x8
Done building netlist checker database: Time (s): cpu = 00:00:00 ; elapsed = 00:00:00 . Memory (MB): peak = 2525.090 ; gain = 0.000 ; free physical = 190 ; free virtual = 1396
INFO: [Constraints 18-11670] Building netlist checker database with flags, 0x8
Done building netlist checker database: Time (s): cpu = 00:00:00 ; elapsed = 00:00:00 . Memory (MB): peak = 2525.090 ; gain = 0.000 ; free physical = 190 ; free virtual = 1396
Phase 5 Sweep | Checksum: 1807914b0

Time (s): cpu = 00:00:00.02 ; elapsed = 00:00:00.03 . Memory (MB): peak = 2525.090 ; gain = 0.000 ; free physical = 190 ; free virtual = 1396
Sweep | Checksum: 1807914b0
INFO: [Opt 31-389] Phase Sweep created 0 cells and removed 0 cells

Phase 6 BUFG optimization
Phase 6 BUFG optimization | Checksum: 1807914b0

Time (s): cpu = 00:00:00.03 ; elapsed = 00:00:00.04 . Memory (MB): peak = 2557.105 ; gain = 32.016 ; free physical = 190 ; free virtual = 1396
BUFG optimization | Checksum: 1807914b0
INFO: [Opt 31-662] Phase BUFG optimization created 0 cells of which 0 are BUFGs and removed 0 cells.

Phase 7 Shift Register Optimization
INFO: [Opt 31-1064] SRL Remap converted 0 SRLs to 0 registers and converted 0 registers of register chains to 0 SRLs
Phase 7 Shift Register Optimization | Checksum: 1807914b0

Time (s): cpu = 00:00:00.03 ; elapsed = 00:00:00.04 . Memory (MB): peak = 2557.105 ; gain = 32.016 ; free physical = 190 ; free virtual = 1396
Shift Register Optimization | Checksum: 1807914b0
INFO: [Opt 31-389] Phase Shift Register Optimization created 0 cells and removed 0 cells

Phase 8 Post Processing Netlist
Phase 8 Post Processing Netlist | Checksum: 1807914b0

Time (s): cpu = 00:00:00.03 ; elapsed = 00:00:00.04 . Memory (MB): peak = 2557.105 ; gain = 32.016 ; free physical = 190 ; free virtual = 1397
Post Processing Netlist | Checksum: 1807914b0
INFO: [Opt 31-389] Phase Post Processing Netlist created 0 cells and removed 0 cells

Phase 9 Finalization

Phase 9.1 Finalizing Design Cores and Updating Shapes
Phase 9.1 Finalizing Design Cores and Updating Shapes | Checksum: 2573e3ea5

Time (s): cpu = 00:00:00.03 ; elapsed = 00:00:00.05 . Memory (MB): peak = 2557.105 ; gain = 32.016 ; free physical = 188 ; free virtual = 1398

Phase 9.2 Verifying Netlist Connectivity

Starting Connectivity Check Task

Time (s): cpu = 00:00:00 ; elapsed = 00:00:00 . Memory (MB): peak = 2557.105 ; gain = 0.000 ; free physical = 188 ; free virtual = 1398
Phase 9.2 Verifying Netlist Connectivity | Checksum: 2573e3ea5

Time (s): cpu = 00:00:00.03 ; elapsed = 00:00:00.06 . Memory (MB): peak = 2557.105 ; gain = 32.016 ; free physical = 188 ; free virtual = 1398
Phase 9 Finalization | Checksum: 2573e3ea5

Time (s): cpu = 00:00:00.03 ; elapsed = 00:00:00.06 . Memory (MB): peak = 2557.105 ; gain = 32.016 ; free physical = 188 ; free virtual = 1398
Opt_design Change Summary
=========================


-------------------------------------------------------------------------------------------------------------------------
|  Phase                        |  #Cells created  |  #Cells Removed  |  #Constrained objects preventing optimizations  |
-------------------------------------------------------------------------------------------------------------------------
|  Retarget                     |               0  |               0  |                                              0  |
|  Constant propagation         |               0  |               0  |                                              0  |
|  Sweep                        |               0  |               0  |                                              0  |
|  BUFG optimization            |               0  |               0  |                                              0  |
|  Shift Register Optimization  |               0  |               0  |                                              0  |
|  Post Processing Netlist      |               0  |               0  |                                              0  |
-------------------------------------------------------------------------------------------------------------------------


Ending Logic Optimization Task | Checksum: 2573e3ea5

Time (s): cpu = 00:00:00.03 ; elapsed = 00:00:00.06 . Memory (MB): peak = 2557.105 ; gain = 32.016 ; free physical = 188 ; free virtual = 1398

Starting Power Optimization Task
INFO: [Pwropt 34-132] Skipping clock gating for clocks with a period < 2.00 ns.
Ending Power Optimization Task | Checksum: 2573e3ea5

Time (s): cpu = 00:00:00.01 ; elapsed = 00:00:00.01 . Memory (MB): peak = 2557.105 ; gain = 0.000 ; free physical = 188 ; free virtual = 1398

Starting Final Cleanup Task
Ending Final Cleanup Task | Checksum: 2573e3ea5

Time (s): cpu = 00:00:00 ; elapsed = 00:00:00 . Memory (MB): peak = 2557.105 ; gain = 0.000 ; free physical = 188 ; free virtual = 1398

Starting Netlist Obfuscation Task
Netlist sorting complete. Time (s): cpu = 00:00:00 ; elapsed = 00:00:00 . Memory (MB): peak = 2557.105 ; gain = 0.000 ; free physical = 188 ; free virtual = 1398
Ending Netlist Obfuscation Task | Checksum: 2573e3ea5

Time (s): cpu = 00:00:00 ; elapsed = 00:00:00 . Memory (MB): peak = 2557.105 ; gain = 0.000 ; free physical = 188 ; free virtual = 1398
INFO: [Common 17-83] Releasing license: Implementation
29 Infos, 0 Warnings, 0 Critical Warnings and 0 Errors encountered.
opt_design completed successfully
opt_design: Time (s): cpu = 00:00:08 ; elapsed = 00:00:08 . Memory (MB): peak = 2557.105 ; gain = 881.109 ; free physical = 188 ; free virtual = 1398
INFO: [Vivado 12-24828] Executing command : report_drc -file mic_to_led_pc_drc_opted.rpt -pb mic_to_led_pc_drc_opted.pb -rpx mic_to_led_pc_drc_opted.rpx
Command: report_drc -file mic_to_led_pc_drc_opted.rpt -pb mic_to_led_pc_drc_opted.pb -rpx mic_to_led_pc_drc_opted.rpx
INFO: [IP_Flow 19-1839] IP Catalog is up to date.
INFO: [DRC 23-27] Running DRC with 4 threads
INFO: [Vivado_Tcl 2-168] The results of DRC are in file /home/njankovsky/Documents/FPGA/Cmod A7/a7_anlog_mic_1/a7_anlog_mic_1/a7_anlog_mic_1.runs/impl_1/mic_to_led_pc_drc_opted.rpt.
report_drc completed successfully
INFO: [Timing 38-480] Writing timing data to binary archive.
Wrote PlaceDB: Time (s): cpu = 00:00:00 ; elapsed = 00:00:00.01 . Memory (MB): peak = 2557.105 ; gain = 0.000 ; free physical = 201 ; free virtual = 1389
Wrote PulsedLatchDB: Time (s): cpu = 00:00:00 ; elapsed = 00:00:00 . Memory (MB): peak = 2557.105 ; gain = 0.000 ; free physical = 201 ; free virtual = 1389
Write ShapeDB Complete: Time (s): cpu = 00:00:00 ; elapsed = 00:00:00.01 . Memory (MB): peak = 2557.105 ; gain = 0.000 ; free physical = 201 ; free virtual = 1389
Writing XDEF routing.
Writing XDEF routing logical nets.
Writing XDEF routing special nets.
Wrote RouteStorage: Time (s): cpu = 00:00:00.03 ; elapsed = 00:00:00.01 . Memory (MB): peak = 2557.105 ; gain = 0.000 ; free physical = 199 ; free virtual = 1390
Wrote Netlist Cache: Time (s): cpu = 00:00:00 ; elapsed = 00:00:00 . Memory (MB): peak = 2557.105 ; gain = 0.000 ; free physical = 199 ; free virtual = 1390
Wrote Device Cache: Time (s): cpu = 00:00:00 ; elapsed = 00:00:00.01 . Memory (MB): peak = 2557.105 ; gain = 0.000 ; free physical = 197 ; free virtual = 1389
Write Physdb Complete: Time (s): cpu = 00:00:00.04 ; elapsed = 00:00:00.03 . Memory (MB): peak = 2557.105 ; gain = 0.000 ; free physical = 197 ; free virtual = 1390
INFO: [Common 17-1381] The checkpoint '/home/njankovsky/Documents/FPGA/Cmod A7/a7_anlog_mic_1/a7_anlog_mic_1/a7_anlog_mic_1.runs/impl_1/mic_to_led_pc_opt.dcp' has been generated.
Command: place_design
Attempting to get a license for feature 'Implementation' and/or device 'xc7a35t'
INFO: [Common 17-349] Got license for feature 'Implementation' and/or device 'xc7a35t'
INFO: [Common 17-83] Releasing license: Implementation
INFO: [DRC 23-27] Running DRC with 4 threads
INFO: [Vivado_Tcl 4-198] DRC finished with 0 Errors
INFO: [Vivado_Tcl 4-199] Please refer to the DRC report (report_drc) for more information.
Running DRC as a precondition to command place_design
INFO: [DRC 23-27] Running DRC with 4 threads
INFO: [Vivado_Tcl 4-198] DRC finished with 0 Errors
INFO: [Vivado_Tcl 4-199] Please refer to the DRC report (report_drc) for more information.
INFO: [Place 30-611] Multithreading enabled for place_design using a maximum of 4 CPUs

Starting Placer Task

Phase 1 Placer Initialization

Phase 1.1 Placer Initialization Netlist Sorting
Netlist sorting complete. Time (s): cpu = 00:00:00 ; elapsed = 00:00:00 . Memory (MB): peak = 2557.105 ; gain = 0.000 ; free physical = 200 ; free virtual = 1381
Phase 1.1 Placer Initialization Netlist Sorting | Checksum: 19d21c813

Time (s): cpu = 00:00:00.01 ; elapsed = 00:00:00 . Memory (MB): peak = 2557.105 ; gain = 0.000 ; free physical = 200 ; free virtual = 1381
Netlist sorting complete. Time (s): cpu = 00:00:00 ; elapsed = 00:00:00 . Memory (MB): peak = 2557.105 ; gain = 0.000 ; free physical = 199 ; free virtual = 1380

Phase 1.2 IO Placement/ Clock Placement/ Build Placer Device
INFO: [Timing 38-35] Done setting XDC timing constraints.
Phase 1.2 IO Placement/ Clock Placement/ Build Placer Device | Checksum: 21d5cb2d2

Time (s): cpu = 00:00:00.25 ; elapsed = 00:00:00.14 . Memory (MB): peak = 2557.105 ; gain = 0.000 ; free physical = 189 ; free virtual = 1377

Phase 1.3 Build Placer Netlist Model
Phase 1.3 Build Placer Netlist Model | Checksum: 3064f420c

Time (s): cpu = 00:00:00.45 ; elapsed = 00:00:00.24 . Memory (MB): peak = 2557.105 ; gain = 0.000 ; free physical = 186 ; free virtual = 1377

Phase 1.4 Constrain Clocks/Macros
Phase 1.4 Constrain Clocks/Macros | Checksum: 3064f420c

Time (s): cpu = 00:00:00.46 ; elapsed = 00:00:00.24 . Memory (MB): peak = 2557.105 ; gain = 0.000 ; free physical = 186 ; free virtual = 1377
Phase 1 Placer Initialization | Checksum: 3064f420c

Time (s): cpu = 00:00:00.46 ; elapsed = 00:00:00.24 . Memory (MB): peak = 2557.105 ; gain = 0.000 ; free physical = 186 ; free virtual = 1377

Phase 2 Global Placement

Phase 2.1 Floorplanning
Phase 2.1 Floorplanning | Checksum: 31cd9bec4

Time (s): cpu = 00:00:00.54 ; elapsed = 00:00:00.28 . Memory (MB): peak = 2557.105 ; gain = 0.000 ; free physical = 185 ; free virtual = 1377

Phase 2.2 Update Timing before SLR Path Opt
Phase 2.2 Update Timing before SLR Path Opt | Checksum: 310b3ff6b

Time (s): cpu = 00:00:00.6 ; elapsed = 00:00:00.3 . Memory (MB): peak = 2557.105 ; gain = 0.000 ; free physical = 185 ; free virtual = 1378

Phase 2.3 Post-Processing in Floorplanning
Phase 2.3 Post-Processing in Floorplanning | Checksum: 310b3ff6b

Time (s): cpu = 00:00:00.61 ; elapsed = 00:00:00.3 . Memory (MB): peak = 2557.105 ; gain = 0.000 ; free physical = 185 ; free virtual = 1378

Phase 2.4 Global Place Phase1
Phase 2.4 Global Place Phase1 | Checksum: 31467836c

Time (s): cpu = 00:00:01 ; elapsed = 00:00:00.49 . Memory (MB): peak = 2557.105 ; gain = 0.000 ; free physical = 208 ; free virtual = 1376

Phase 2.5 Global Place Phase2

Phase 2.5.1 UpdateTiming Before Physical Synthesis
Phase 2.5.1 UpdateTiming Before Physical Synthesis | Checksum: 2cd0b9e66

Time (s): cpu = 00:00:01 ; elapsed = 00:00:00.52 . Memory (MB): peak = 2557.105 ; gain = 0.000 ; free physical = 208 ; free virtual = 1376

Phase 2.5.2 Physical Synthesis In Placer
INFO: [Physopt 32-1035] Found 0 LUTNM shape to break, 4 LUT instances to create LUTNM shape
INFO: [Physopt 32-1044] Break lutnm for timing: one critical 0, two critical 0, total 0, new lutff created 0
INFO: [Physopt 32-1138] End 1 Pass. Optimized 2 nets or LUTs. Breaked 0 LUT, combined 2 existing LUTs and moved 0 existing LUT
INFO: [Physopt 32-65] No nets found for high-fanout optimization.
INFO: [Physopt 32-232] Optimized 0 net. Created 0 new instance.
INFO: [Physopt 32-775] End 1 Pass. Optimized 0 net or cell. Created 0 new cell, deleted 0 existing cell and moved 0 existing cell
INFO: [Physopt 32-670] No setup violation found.  DSP Register Optimization was not performed.
INFO: [Physopt 32-670] No setup violation found.  Shift Register to Pipeline Optimization was not performed.
INFO: [Physopt 32-670] No setup violation found.  Shift Register Optimization was not performed.
INFO: [Physopt 32-670] No setup violation found.  BRAM Register Optimization was not performed.
INFO: [Physopt 32-670] No setup violation found.  URAM Register Optimization was not performed.
INFO: [Physopt 32-949] No candidate nets found for dynamic/static region interface net replication
INFO: [Physopt 32-775] End 1 Pass. Optimized 0 net or cell. Created 0 new cell, deleted 0 existing cell and moved 0 existing cell
Netlist sorting complete. Time (s): cpu = 00:00:00 ; elapsed = 00:00:00 . Memory (MB): peak = 2557.105 ; gain = 0.000 ; free physical = 193 ; free virtual = 1369

Summary of Physical Synthesis Optimizations
============================================


-----------------------------------------------------------------------------------------------------------------------------------------------------------
|  Optimization                                     |  Added Cells  |  Removed Cells  |  Optimized Cells/Nets  |  Dont Touch  |  Iterations  |  Elapsed   |
-----------------------------------------------------------------------------------------------------------------------------------------------------------
|  LUT Combining                                    |            0  |              2  |                     2  |           0  |           1  |  00:00:00  |
|  Retime                                           |            0  |              0  |                     0  |           0  |           1  |  00:00:00  |
|  Very High Fanout                                 |            0  |              0  |                     0  |           0  |           1  |  00:00:00  |
|  DSP Register                                     |            0  |              0  |                     0  |           0  |           0  |  00:00:00  |
|  Shift Register to Pipeline                       |            0  |              0  |                     0  |           0  |           0  |  00:00:00  |
|  Shift Register                                   |            0  |              0  |                     0  |           0  |           0  |  00:00:00  |
|  BRAM Register                                    |            0  |              0  |                     0  |           0  |           0  |  00:00:00  |
|  URAM Register                                    |            0  |              0  |                     0  |           0  |           0  |  00:00:00  |
|  Dynamic/Static Region Interface Net Replication  |            0  |              0  |                     0  |           0  |           1  |  00:00:00  |
|  Total                                            |            0  |              2  |                     2  |           0  |           4  |  00:00:00  |
-----------------------------------------------------------------------------------------------------------------------------------------------------------


Phase 2.5.2 Physical Synthesis In Placer | Checksum: 1a081909a

Time (s): cpu = 00:00:01 ; elapsed = 00:00:00.78 . Memory (MB): peak = 2557.105 ; gain = 0.000 ; free physical = 193 ; free virtual = 1369
Phase 2.5 Global Place Phase2 | Checksum: 1d63686a0

Time (s): cpu = 00:00:02 ; elapsed = 00:00:00.82 . Memory (MB): peak = 2557.105 ; gain = 0.000 ; free physical = 192 ; free virtual = 1369
Phase 2 Global Placement | Checksum: 1d63686a0

Time (s): cpu = 00:00:02 ; elapsed = 00:00:00.83 . Memory (MB): peak = 2557.105 ; gain = 0.000 ; free physical = 192 ; free virtual = 1369

Phase 3 Detail Placement

Phase 3.1 Commit Multi Column Macros
Phase 3.1 Commit Multi Column Macros | Checksum: 18012d9b7

Time (s): cpu = 00:00:02 ; elapsed = 00:00:00.86 . Memory (MB): peak = 2557.105 ; gain = 0.000 ; free physical = 191 ; free virtual = 1368

Phase 3.2 Commit Most Macros & LUTRAMs
Phase 3.2 Commit Most Macros & LUTRAMs | Checksum: 1349afbcb

Time (s): cpu = 00:00:02 ; elapsed = 00:00:00.92 . Memory (MB): peak = 2557.105 ; gain = 0.000 ; free physical = 191 ; free virtual = 1368

Phase 3.3 Area Swap Optimization
Phase 3.3 Area Swap Optimization | Checksum: 17229a4c4

Time (s): cpu = 00:00:02 ; elapsed = 00:00:00.92 . Memory (MB): peak = 2557.105 ; gain = 0.000 ; free physical = 191 ; free virtual = 1368

Phase 3.4 Pipeline Register Optimization
Phase 3.4 Pipeline Register Optimization | Checksum: 12d38f4d0

Time (s): cpu = 00:00:02 ; elapsed = 00:00:00.93 . Memory (MB): peak = 2557.105 ; gain = 0.000 ; free physical = 191 ; free virtual = 1368

Phase 3.5 Small Shape Detail Placement
Phase 3.5 Small Shape Detail Placement | Checksum: 112bbe040

Time (s): cpu = 00:00:02 ; elapsed = 00:00:01 . Memory (MB): peak = 2558.109 ; gain = 1.004 ; free physical = 189 ; free virtual = 1368

Phase 3.6 Re-assign LUT pins
Phase 3.6 Re-assign LUT pins | Checksum: 1665e3494

Time (s): cpu = 00:00:02 ; elapsed = 00:00:01 . Memory (MB): peak = 2558.109 ; gain = 1.004 ; free physical = 189 ; free virtual = 1368

Phase 3.7 Pipeline Register Optimization
Phase 3.7 Pipeline Register Optimization | Checksum: 1b36f84a8

Time (s): cpu = 00:00:02 ; elapsed = 00:00:01 . Memory (MB): peak = 2558.109 ; gain = 1.004 ; free physical = 189 ; free virtual = 1368
Phase 3 Detail Placement | Checksum: 1b36f84a8

Time (s): cpu = 00:00:02 ; elapsed = 00:00:01 . Memory (MB): peak = 2558.109 ; gain = 1.004 ; free physical = 189 ; free virtual = 1368

Phase 4 Post Placement Optimization and Clean-Up

Phase 4.1 Post Commit Optimization
INFO: [Timing 38-35] Done setting XDC timing constraints.

Phase 4.1.1 Post Placement Optimization
Post Placement Optimization Initialization | Checksum: 23ab5da59

Phase 4.1.1.1 BUFG Insertion

Starting Physical Synthesis Task

Phase 1 Physical Synthesis Initialization
INFO: [Physopt 32-721] Multithreading enabled for phys_opt_design using a maximum of 4 CPUs
INFO: [Physopt 32-619] Estimated Timing Summary | WNS=78.933 | TNS=0.000 |
Phase 1 Physical Synthesis Initialization | Checksum: 1fdd484b8

Time (s): cpu = 00:00:00.04 ; elapsed = 00:00:00.03 . Memory (MB): peak = 2558.109 ; gain = 0.000 ; free physical = 189 ; free virtual = 1367
INFO: [Place 46-56] BUFG insertion identified 0 candidate nets. Inserted BUFG: 0, Replicated BUFG Driver: 0, Skipped due to Placement/Routing Conflicts: 0, Skipped due to Timing Degradation: 0, Skipped due to netlist editing failed: 0.
Ending Physical Synthesis Task | Checksum: 29d1af029

Time (s): cpu = 00:00:00.04 ; elapsed = 00:00:00.03 . Memory (MB): peak = 2558.109 ; gain = 0.000 ; free physical = 189 ; free virtual = 1367
Phase 4.1.1.1 BUFG Insertion | Checksum: 23ab5da59

Time (s): cpu = 00:00:02 ; elapsed = 00:00:01 . Memory (MB): peak = 2558.109 ; gain = 1.004 ; free physical = 189 ; free virtual = 1367

Phase 4.1.1.2 Post Placement Timing Optimization
INFO: [Place 30-746] Post Placement Timing Summary WNS=78.933. For the most accurate timing information please run report_timing.
Phase 4.1.1.2 Post Placement Timing Optimization | Checksum: 26997abaf

Time (s): cpu = 00:00:02 ; elapsed = 00:00:01 . Memory (MB): peak = 2558.109 ; gain = 1.004 ; free physical = 189 ; free virtual = 1367

Time (s): cpu = 00:00:02 ; elapsed = 00:00:01 . Memory (MB): peak = 2558.109 ; gain = 1.004 ; free physical = 189 ; free virtual = 1367
Phase 4.1 Post Commit Optimization | Checksum: 26997abaf

Time (s): cpu = 00:00:02 ; elapsed = 00:00:01 . Memory (MB): peak = 2558.109 ; gain = 1.004 ; free physical = 189 ; free virtual = 1367

Phase 4.2 Post Placement Cleanup
Phase 4.2 Post Placement Cleanup | Checksum: 26997abaf

Time (s): cpu = 00:00:02 ; elapsed = 00:00:01 . Memory (MB): peak = 2558.109 ; gain = 1.004 ; free physical = 189 ; free virtual = 1367

Phase 4.3 Placer Reporting

Phase 4.3.1 Print Estimated Congestion
INFO: [Place 30-612] Post-Placement Estimated Congestion 
 ____________________________________________________
|           | Global Congestion | Short Congestion  |
| Direction | Region Size       | Region Size       |
|___________|___________________|___________________|
|      North|                1x1|                1x1|
|___________|___________________|___________________|
|      South|                1x1|                1x1|
|___________|___________________|___________________|
|       East|                1x1|                1x1|
|___________|___________________|___________________|
|       West|                1x1|                1x1|
|___________|___________________|___________________|

Phase 4.3.1 Print Estimated Congestion | Checksum: 26997abaf

Time (s): cpu = 00:00:02 ; elapsed = 00:00:01 . Memory (MB): peak = 2558.109 ; gain = 1.004 ; free physical = 189 ; free virtual = 1367
Phase 4.3 Placer Reporting | Checksum: 26997abaf

Time (s): cpu = 00:00:02 ; elapsed = 00:00:01 . Memory (MB): peak = 2558.109 ; gain = 1.004 ; free physical = 189 ; free virtual = 1367

Phase 4.4 Final Placement Cleanup
Netlist sorting complete. Time (s): cpu = 00:00:00 ; elapsed = 00:00:00 . Memory (MB): peak = 2558.109 ; gain = 0.000 ; free physical = 189 ; free virtual = 1367

Time (s): cpu = 00:00:02 ; elapsed = 00:00:01 . Memory (MB): peak = 2558.109 ; gain = 1.004 ; free physical = 189 ; free virtual = 1367
Phase 4 Post Placement Optimization and Clean-Up | Checksum: 1c585684a

Time (s): cpu = 00:00:02 ; elapsed = 00:00:01 . Memory (MB): peak = 2558.109 ; gain = 1.004 ; free physical = 189 ; free virtual = 1367
Ending Placer Task | Checksum: 13eec3632

Time (s): cpu = 00:00:02 ; elapsed = 00:00:01 . Memory (MB): peak = 2558.109 ; gain = 1.004 ; free physical = 189 ; free virtual = 1367
64 Infos, 0 Warnings, 0 Critical Warnings and 0 Errors encountered.
place_design completed successfully
INFO: [Vivado 12-24838] Running report commands "report_control_sets, report_io, report_utilization" in parallel.
Running report generation with 2 threads.
INFO: [Vivado 12-24828] Executing command : report_utilization -file mic_to_led_pc_utilization_placed.rpt -pb mic_to_led_pc_utilization_placed.pb
INFO: [Vivado 12-24828] Executing command : report_io -file mic_to_led_pc_io_placed.rpt
report_io: Time (s): cpu = 00:00:00.1 ; elapsed = 00:00:00.17 . Memory (MB): peak = 2558.109 ; gain = 0.000 ; free physical = 215 ; free virtual = 1366
INFO: [Vivado 12-24828] Executing command : report_control_sets -verbose -file mic_to_led_pc_control_sets_placed.rpt
report_control_sets: Time (s): cpu = 00:00:00.01 ; elapsed = 00:00:00.07 . Memory (MB): peak = 2558.109 ; gain = 0.000 ; free physical = 211 ; free virtual = 1362
INFO: [Timing 38-480] Writing timing data to binary archive.
Write ShapeDB Complete: Time (s): cpu = 00:00:00 ; elapsed = 00:00:00 . Memory (MB): peak = 2558.109 ; gain = 0.000 ; free physical = 219 ; free virtual = 1370
Wrote PlaceDB: Time (s): cpu = 00:00:00.01 ; elapsed = 00:00:00.01 . Memory (MB): peak = 2558.109 ; gain = 0.000 ; free physical = 219 ; free virtual = 1370
Wrote PulsedLatchDB: Time (s): cpu = 00:00:00 ; elapsed = 00:00:00 . Memory (MB): peak = 2558.109 ; gain = 0.000 ; free physical = 219 ; free virtual = 1370
Writing XDEF routing.
Writing XDEF routing logical nets.
Writing XDEF routing special nets.
Wrote RouteStorage: Time (s): cpu = 00:00:00.02 ; elapsed = 00:00:00.01 . Memory (MB): peak = 2558.109 ; gain = 0.000 ; free physical = 219 ; free virtual = 1370
Wrote Netlist Cache: Time (s): cpu = 00:00:00 ; elapsed = 00:00:00 . Memory (MB): peak = 2558.109 ; gain = 0.000 ; free physical = 219 ; free virtual = 1370
Wrote Device Cache: Time (s): cpu = 00:00:00 ; elapsed = 00:00:00 . Memory (MB): peak = 2558.109 ; gain = 0.000 ; free physical = 219 ; free virtual = 1370
Write Physdb Complete: Time (s): cpu = 00:00:00.05 ; elapsed = 00:00:00.03 . Memory (MB): peak = 2558.109 ; gain = 0.000 ; free physical = 219 ; free virtual = 1370
INFO: [Common 17-1381] The checkpoint '/home/njankovsky/Documents/FPGA/Cmod A7/a7_anlog_mic_1/a7_anlog_mic_1/a7_anlog_mic_1.runs/impl_1/mic_to_led_pc_placed.dcp' has been generated.
Command: phys_opt_design
Attempting to get a license for feature 'Implementation' and/or device 'xc7a35t'
INFO: [Common 17-349] Got license for feature 'Implementation' and/or device 'xc7a35t'

Starting Initial Update Timing Task

Time (s): cpu = 00:00:00.04 ; elapsed = 00:00:00.04 . Memory (MB): peak = 2558.109 ; gain = 0.000 ; free physical = 193 ; free virtual = 1331
INFO: [Vivado_Tcl 4-2279] Estimated Timing Summary | WNS= 78.933 | TNS= 0.000 | 
INFO: [Vivado_Tcl 4-383] Design worst setup slack (WNS) is greater than or equal to 0.000 ns. All physical synthesis setup optimizations will be skipped.
INFO: [Vivado_Tcl 4-232] No setup violation found. The netlist was not modified.
INFO: [Common 17-83] Releasing license: Implementation
75 Infos, 0 Warnings, 0 Critical Warnings and 0 Errors encountered.
phys_opt_design completed successfully
INFO: [Timing 38-480] Writing timing data to binary archive.
Write ShapeDB Complete: Time (s): cpu = 00:00:00 ; elapsed = 00:00:00 . Memory (MB): peak = 2575.922 ; gain = 0.000 ; free physical = 193 ; free virtual = 1332
Wrote PlaceDB: Time (s): cpu = 00:00:00.02 ; elapsed = 00:00:00.01 . Memory (MB): peak = 2581.859 ; gain = 5.938 ; free physical = 193 ; free virtual = 1332
Wrote PulsedLatchDB: Time (s): cpu = 00:00:00 ; elapsed = 00:00:00 . Memory (MB): peak = 2581.859 ; gain = 0.000 ; free physical = 193 ; free virtual = 1332
Writing XDEF routing.
Writing XDEF routing logical nets.
Writing XDEF routing special nets.
Wrote RouteStorage: Time (s): cpu = 00:00:00.02 ; elapsed = 00:00:00.01 . Memory (MB): peak = 2581.859 ; gain = 0.000 ; free physical = 193 ; free virtual = 1332
Wrote Netlist Cache: Time (s): cpu = 00:00:00 ; elapsed = 00:00:00 . Memory (MB): peak = 2581.859 ; gain = 0.000 ; free physical = 193 ; free virtual = 1332
Wrote Device Cache: Time (s): cpu = 00:00:00.01 ; elapsed = 00:00:00.01 . Memory (MB): peak = 2581.859 ; gain = 0.000 ; free physical = 193 ; free virtual = 1332
Write Physdb Complete: Time (s): cpu = 00:00:00.05 ; elapsed = 00:00:00.03 . Memory (MB): peak = 2581.859 ; gain = 5.938 ; free physical = 193 ; free virtual = 1332
INFO: [Common 17-1381] The checkpoint '/home/njankovsky/Documents/FPGA/Cmod A7/a7_anlog_mic_1/a7_anlog_mic_1/a7_anlog_mic_1.runs/impl_1/mic_to_led_pc_physopt.dcp' has been generated.
Command: route_design
Attempting to get a license for feature 'Implementation' and/or device 'xc7a35t'
INFO: [Common 17-349] Got license for feature 'Implementation' and/or device 'xc7a35t'


Starting Routing Task
INFO: [Route 35-254] Multithreading enabled for route_design using a maximum of 4 CPUs

Phase 1 Build RT Design
Checksum: PlaceDB: 567c6fdc ConstDB: 0 ShapeSum: 47ee69ff RouteDB: a0815c57
Post Restoration Checksum: NetGraph: c3b4d1c4 | NumContArr: 5f1076c8 | Constraints: c2a8fa9d | Timing: c2a8fa9d
Phase 1 Build RT Design | Checksum: 2a8173dc6

Time (s): cpu = 00:00:13 ; elapsed = 00:00:11 . Memory (MB): peak = 2677.820 ; gain = 95.961 ; free physical = 199 ; free virtual = 1235

Phase 2 Router Initialization

Phase 2.1 Fix Topology Constraints
Phase 2.1 Fix Topology Constraints | Checksum: 2a8173dc6

Time (s): cpu = 00:00:13 ; elapsed = 00:00:11 . Memory (MB): peak = 2677.820 ; gain = 95.961 ; free physical = 207 ; free virtual = 1236

Phase 2.2 Pre Route Cleanup
Phase 2.2 Pre Route Cleanup | Checksum: 2a8173dc6

Time (s): cpu = 00:00:13 ; elapsed = 00:00:11 . Memory (MB): peak = 2677.820 ; gain = 95.961 ; free physical = 207 ; free virtual = 1237
 Number of Nodes with overlaps = 0

Phase 2.3 Update Timing
Phase 2.3 Update Timing | Checksum: 239a61d91

Time (s): cpu = 00:00:13 ; elapsed = 00:00:11 . Memory (MB): peak = 2705.883 ; gain = 124.023 ; free physical = 198 ; free virtual = 1226
INFO: [Route 35-416] Intermediate Timing Summary | WNS=78.922 | TNS=0.000  | WHS=-0.116 | THS=-1.622 |


Router Utilization Summary
  Global Vertical Routing Utilization    = 0 %
  Global Horizontal Routing Utilization  = 0 %
  Routable Net Status*
  *Does not include unroutable nets such as driverless and loadless.
  Run report_route_status for detailed report.
  Number of Failed Nets               = 98
    (Failed Nets is the sum of unrouted and partially routed nets)
  Number of Unrouted Nets             = 98
  Number of Partially Routed Nets     = 0
  Number of Node Overlaps             = 0

Phase 2 Router Initialization | Checksum: 315283165

Time (s): cpu = 00:00:14 ; elapsed = 00:00:11 . Memory (MB): peak = 2705.883 ; gain = 124.023 ; free physical = 200 ; free virtual = 1226

Phase 3 Global Routing
Phase 3 Global Routing | Checksum: 315283165

Time (s): cpu = 00:00:14 ; elapsed = 00:00:11 . Memory (MB): peak = 2705.883 ; gain = 124.023 ; free physical = 200 ; free virtual = 1226

Phase 4 Initial Routing

Phase 4.1 Initial Net Routing Pass
Phase 4.1 Initial Net Routing Pass | Checksum: 21d060d8b

Time (s): cpu = 00:00:14 ; elapsed = 00:00:12 . Memory (MB): peak = 2705.883 ; gain = 124.023 ; free physical = 197 ; free virtual = 1224
Phase 4 Initial Routing | Checksum: 21d060d8b

Time (s): cpu = 00:00:14 ; elapsed = 00:00:12 . Memory (MB): peak = 2705.883 ; gain = 124.023 ; free physical = 197 ; free virtual = 1224

Phase 5 Rip-up And Reroute

Phase 5.1 Global Iteration 0
 Number of Nodes with overlaps = 2
 Number of Nodes with overlaps = 0
INFO: [Route 35-416] Intermediate Timing Summary | WNS=78.873 | TNS=0.000  | WHS=N/A    | THS=N/A    |

Phase 5.1 Global Iteration 0 | Checksum: 23e92c031

Time (s): cpu = 00:00:14 ; elapsed = 00:00:12 . Memory (MB): peak = 2705.883 ; gain = 124.023 ; free physical = 198 ; free virtual = 1224

Phase 5.2 Global Iteration 1
 Number of Nodes with overlaps = 1
 Number of Nodes with overlaps = 0
INFO: [Route 35-416] Intermediate Timing Summary | WNS=78.873 | TNS=0.000  | WHS=N/A    | THS=N/A    |

Phase 5.2 Global Iteration 1 | Checksum: 20e7c6444

Time (s): cpu = 00:00:14 ; elapsed = 00:00:12 . Memory (MB): peak = 2705.883 ; gain = 124.023 ; free physical = 197 ; free virtual = 1224
Phase 5 Rip-up And Reroute | Checksum: 20e7c6444

Time (s): cpu = 00:00:14 ; elapsed = 00:00:12 . Memory (MB): peak = 2705.883 ; gain = 124.023 ; free physical = 197 ; free virtual = 1224

Phase 6 Delay and Skew Optimization

Phase 6.1 Delay CleanUp
Phase 6.1 Delay CleanUp | Checksum: 20e7c6444

Time (s): cpu = 00:00:14 ; elapsed = 00:00:12 . Memory (MB): peak = 2705.883 ; gain = 124.023 ; free physical = 197 ; free virtual = 1224

Phase 6.2 Clock Skew Optimization
Phase 6.2 Clock Skew Optimization | Checksum: 20e7c6444

Time (s): cpu = 00:00:14 ; elapsed = 00:00:12 . Memory (MB): peak = 2705.883 ; gain = 124.023 ; free physical = 197 ; free virtual = 1224
Phase 6 Delay and Skew Optimization | Checksum: 20e7c6444

Time (s): cpu = 00:00:14 ; elapsed = 00:00:12 . Memory (MB): peak = 2705.883 ; gain = 124.023 ; free physical = 197 ; free virtual = 1224

Phase 7 Post Hold Fix

Phase 7.1 Hold Fix Iter
INFO: [Route 35-416] Intermediate Timing Summary | WNS=78.967 | TNS=0.000  | WHS=0.167  | THS=0.000  |

Phase 7.1 Hold Fix Iter | Checksum: 22cffe160

Time (s): cpu = 00:00:14 ; elapsed = 00:00:12 . Memory (MB): peak = 2705.883 ; gain = 124.023 ; free physical = 211 ; free virtual = 1225
Phase 7 Post Hold Fix | Checksum: 22cffe160

Time (s): cpu = 00:00:14 ; elapsed = 00:00:12 . Memory (MB): peak = 2705.883 ; gain = 124.023 ; free physical = 211 ; free virtual = 1225

Phase 8 Route finalize

Router Utilization Summary
  Global Vertical Routing Utilization    = 0.0232799 %
  Global Horizontal Routing Utilization  = 0.0130141 %
  Routable Net Status*
  *Does not include unroutable nets such as driverless and loadless.
  Run report_route_status for detailed report.
  Number of Failed Nets               = 0
    (Failed Nets is the sum of unrouted and partially routed nets)
  Number of Unrouted Nets             = 0
  Number of Partially Routed Nets     = 0
  Number of Node Overlaps             = 0

Phase 8 Route finalize | Checksum: 22cffe160

Time (s): cpu = 00:00:14 ; elapsed = 00:00:12 . Memory (MB): peak = 2705.883 ; gain = 124.023 ; free physical = 210 ; free virtual = 1226

Phase 9 Verifying routed nets

 Verification completed successfully
Phase 9 Verifying routed nets | Checksum: 22cffe160

Time (s): cpu = 00:00:14 ; elapsed = 00:00:12 . Memory (MB): peak = 2705.883 ; gain = 124.023 ; free physical = 209 ; free virtual = 1225

Phase 10 Depositing Routes
Phase 10 Depositing Routes | Checksum: 301607d60

Time (s): cpu = 00:00:14 ; elapsed = 00:00:12 . Memory (MB): peak = 2705.883 ; gain = 124.023 ; free physical = 209 ; free virtual = 1225

Phase 11 Post Process Routing
Phase 11 Post Process Routing | Checksum: 301607d60

Time (s): cpu = 00:00:14 ; elapsed = 00:00:12 . Memory (MB): peak = 2705.883 ; gain = 124.023 ; free physical = 208 ; free virtual = 1225

Phase 12 Post Router Timing
INFO: [Route 35-57] Estimated Timing Summary | WNS=78.967 | TNS=0.000  | WHS=0.167  | THS=0.000  |

INFO: [Route 35-327] The final timing numbers are based on the router estimated timing analysis. For a complete and accurate timing signoff, please run report_timing_summary.
Phase 12 Post Router Timing | Checksum: 301607d60

Time (s): cpu = 00:00:14 ; elapsed = 00:00:12 . Memory (MB): peak = 2705.883 ; gain = 124.023 ; free physical = 208 ; free virtual = 1225
Total Elapsed time in route_design: 11.69 secs

Phase 13 Post-Route Event Processing
Phase 13 Post-Route Event Processing | Checksum: 17d25fba1

Time (s): cpu = 00:00:14 ; elapsed = 00:00:12 . Memory (MB): peak = 2705.883 ; gain = 124.023 ; free physical = 208 ; free virtual = 1224
INFO: [Route 35-16] Router Completed Successfully
Ending Routing Task | Checksum: 17d25fba1

Time (s): cpu = 00:00:14 ; elapsed = 00:00:12 . Memory (MB): peak = 2705.883 ; gain = 124.023 ; free physical = 208 ; free virtual = 1224

Routing Is Done.
INFO: [Common 17-83] Releasing license: Implementation
87 Infos, 0 Warnings, 0 Critical Warnings and 0 Errors encountered.
route_design completed successfully
route_design: Time (s): cpu = 00:00:14 ; elapsed = 00:00:12 . Memory (MB): peak = 2705.883 ; gain = 124.023 ; free physical = 206 ; free virtual = 1224
INFO: [Vivado 12-24828] Executing command : report_drc -file mic_to_led_pc_drc_routed.rpt -pb mic_to_led_pc_drc_routed.pb -rpx mic_to_led_pc_drc_routed.rpx
Command: report_drc -file mic_to_led_pc_drc_routed.rpt -pb mic_to_led_pc_drc_routed.pb -rpx mic_to_led_pc_drc_routed.rpx
INFO: [IP_Flow 19-1839] IP Catalog is up to date.
INFO: [DRC 23-27] Running DRC with 4 threads
INFO: [Vivado_Tcl 2-168] The results of DRC are in file /home/njankovsky/Documents/FPGA/Cmod A7/a7_anlog_mic_1/a7_anlog_mic_1/a7_anlog_mic_1.runs/impl_1/mic_to_led_pc_drc_routed.rpt.
report_drc completed successfully
INFO: [Vivado 12-24828] Executing command : report_methodology -file mic_to_led_pc_methodology_drc_routed.rpt -pb mic_to_led_pc_methodology_drc_routed.pb -rpx mic_to_led_pc_methodology_drc_routed.rpx
Command: report_methodology -file mic_to_led_pc_methodology_drc_routed.rpt -pb mic_to_led_pc_methodology_drc_routed.pb -rpx mic_to_led_pc_methodology_drc_routed.rpx
INFO: [Timing 38-35] Done setting XDC timing constraints.
INFO: [DRC 23-133] Running Methodology with 4 threads
INFO: [Vivado_Tcl 2-1520] The results of Report Methodology are in file /home/njankovsky/Documents/FPGA/Cmod A7/a7_anlog_mic_1/a7_anlog_mic_1/a7_anlog_mic_1.runs/impl_1/mic_to_led_pc_methodology_drc_routed.rpt.
report_methodology completed successfully
INFO: [Vivado 12-24828] Executing command : report_timing_summary -max_paths 10 -report_unconstrained -file mic_to_led_pc_timing_summary_routed.rpt -pb mic_to_led_pc_timing_summary_routed.pb -rpx mic_to_led_pc_timing_summary_routed.rpx -warn_on_violation 
INFO: [Timing 38-35] Done setting XDC timing constraints.
INFO: [Timing 38-91] UpdateTimingParams: Speed grade: -1, Delay Type: min_max.
INFO: [Timing 38-191] Multithreading enabled for timing update using a maximum of 4 CPUs
INFO: [Vivado 12-24838] Running report commands "report_bus_skew, report_incremental_reuse, report_route_status" in parallel.
Running report generation with 2 threads.
INFO: [Vivado 12-24828] Executing command : report_route_status -file mic_to_led_pc_route_status.rpt -pb mic_to_led_pc_route_status.pb
INFO: [Vivado 12-24828] Executing command : report_incremental_reuse -file mic_to_led_pc_incremental_reuse_routed.rpt
INFO: [Vivado_Tcl 4-1062] Incremental flow is disabled. No incremental reuse Info to report.
INFO: [Vivado 12-24828] Executing command : report_bus_skew -warn_on_violation -file mic_to_led_pc_bus_skew_routed.rpt -pb mic_to_led_pc_bus_skew_routed.pb -rpx mic_to_led_pc_bus_skew_routed.rpx
INFO: [Timing 38-91] UpdateTimingParams: Speed grade: -1, Delay Type: min_max.
INFO: [Timing 38-191] Multithreading enabled for timing update using a maximum of 4 CPUs
INFO: [Vivado 12-24828] Executing command : report_power -file mic_to_led_pc_power_routed.rpt -pb mic_to_led_pc_power_summary_routed.pb -rpx mic_to_led_pc_power_routed.rpx
Command: report_power -file mic_to_led_pc_power_routed.rpt -pb mic_to_led_pc_power_summary_routed.pb -rpx mic_to_led_pc_power_routed.rpx
Running Vector-less Activity Propagation...

Finished Running Vector-less Activity Propagation
107 Infos, 0 Warnings, 0 Critical Warnings and 0 Errors encountered.
report_power completed successfully
INFO: [Vivado 12-24828] Executing command : report_clock_utilization -file mic_to_led_pc_clock_utilization_routed.rpt
INFO: [Timing 38-480] Writing timing data to binary archive.
Write ShapeDB Complete: Time (s): cpu = 00:00:00 ; elapsed = 00:00:00 . Memory (MB): peak = 2786.328 ; gain = 0.000 ; free physical = 188 ; free virtual = 1138
Wrote PlaceDB: Time (s): cpu = 00:00:00.02 ; elapsed = 00:00:00.01 . Memory (MB): peak = 2786.328 ; gain = 0.000 ; free physical = 187 ; free virtual = 1138
Wrote PulsedLatchDB: Time (s): cpu = 00:00:00 ; elapsed = 00:00:00 . Memory (MB): peak = 2786.328 ; gain = 0.000 ; free physical = 187 ; free virtual = 1138
Writing XDEF routing.
Writing XDEF routing logical nets.
Writing XDEF routing special nets.
Wrote RouteStorage: Time (s): cpu = 00:00:00.02 ; elapsed = 00:00:00.01 . Memory (MB): peak = 2786.328 ; gain = 0.000 ; free physical = 187 ; free virtual = 1138
Wrote Netlist Cache: Time (s): cpu = 00:00:00 ; elapsed = 00:00:00 . Memory (MB): peak = 2786.328 ; gain = 0.000 ; free physical = 187 ; free virtual = 1138
Wrote Device Cache: Time (s): cpu = 00:00:00.01 ; elapsed = 00:00:00 . Memory (MB): peak = 2786.328 ; gain = 0.000 ; free physical = 186 ; free virtual = 1138
Write Physdb Complete: Time (s): cpu = 00:00:00.05 ; elapsed = 00:00:00.03 . Memory (MB): peak = 2786.328 ; gain = 0.000 ; free physical = 186 ; free virtual = 1138
INFO: [Common 17-1381] The checkpoint '/home/njankovsky/Documents/FPGA/Cmod A7/a7_anlog_mic_1/a7_anlog_mic_1/a7_anlog_mic_1.runs/impl_1/mic_to_led_pc_routed.dcp' has been generated.
INFO: [Common 17-206] Exiting Vivado at Tue May 20 14:31:17 2025...

*** Running vivado
    with args -log mic_to_led_pc.vdi -applog -m64 -product Vivado -messageDb vivado.pb -mode batch -source mic_to_led_pc.tcl -notrace


****** Vivado v2024.2 (64-bit)
  **** SW Build 5239630 on Fri Nov 08 22:34:34 MST 2024
  **** IP Build 5239520 on Sun Nov 10 16:12:51 MST 2024
  **** SharedData Build 5239561 on Fri Nov 08 14:39:27 MST 2024
  **** Start of session at: Tue May 20 14:31:24 2025
    ** Copyright 1986-2022 Xilinx, Inc. All Rights Reserved.
    ** Copyright 2022-2024 Advanced Micro Devices, Inc. All Rights Reserved.

source mic_to_led_pc.tcl -notrace
Command: open_checkpoint mic_to_led_pc_routed.dcp
INFO: [Device 21-403] Loading part xc7a35tcpg236-1
Netlist sorting complete. Time (s): cpu = 00:00:00 ; elapsed = 00:00:00.01 . Memory (MB): peak = 1489.715 ; gain = 0.000 ; free physical = 1263 ; free virtual = 2338
INFO: [Netlist 29-17] Analyzing 5 Unisim elements for replacement
INFO: [Netlist 29-28] Unisim Transformation completed in 0 CPU seconds
INFO: [Project 1-479] Netlist was created with Vivado 2024.2
INFO: [Project 1-570] Preparing netlist for logic optimization
Read ShapeDB Complete: Time (s): cpu = 00:00:00 ; elapsed = 00:00:00 . Memory (MB): peak = 1547.590 ; gain = 1.000 ; free physical = 948 ; free virtual = 2130
INFO: [Timing 38-478] Restoring timing data from binary archive.
INFO: [Timing 38-479] Binary timing data restore complete.
INFO: [Project 1-856] Restoring constraints from binary archive.
INFO: [Project 1-853] Binary constraint restore complete.
INFO: [Designutils 20-5722] Start Reading Physical Databases.
Reading placement.
Read Netlist Cache: Time (s): cpu = 00:00:00 ; elapsed = 00:00:00 . Memory (MB): peak = 2148.746 ; gain = 0.000 ; free physical = 318 ; free virtual = 1580
Reading placer database...
Read Device Cache: Time (s): cpu = 00:00:00.01 ; elapsed = 00:00:00 . Memory (MB): peak = 2148.746 ; gain = 0.000 ; free physical = 314 ; free virtual = 1576
Read PlaceDB: Time (s): cpu = 00:00:00 ; elapsed = 00:00:00 . Memory (MB): peak = 2148.746 ; gain = 0.000 ; free physical = 314 ; free virtual = 1576
Read PulsedLatchDB: Time (s): cpu = 00:00:00 ; elapsed = 00:00:00 . Memory (MB): peak = 2148.746 ; gain = 0.000 ; free physical = 314 ; free virtual = 1576
Reading routing.
Read RouteStorage: Time (s): cpu = 00:00:00 ; elapsed = 00:00:00.01 . Memory (MB): peak = 2148.746 ; gain = 0.000 ; free physical = 312 ; free virtual = 1575
Read Physdb Files: Time (s): cpu = 00:00:00.02 ; elapsed = 00:00:00.02 . Memory (MB): peak = 2148.746 ; gain = 0.000 ; free physical = 312 ; free virtual = 1575
Restored from archive | CPU: 0.050000 secs | Memory: 1.207870 MB |
Finished XDEF File Restore: Time (s): cpu = 00:00:00.05 ; elapsed = 00:00:00.06 . Memory (MB): peak = 2148.746 ; gain = 5.938 ; free physical = 312 ; free virtual = 1575
Netlist sorting complete. Time (s): cpu = 00:00:00 ; elapsed = 00:00:00 . Memory (MB): peak = 2148.746 ; gain = 0.000 ; free physical = 310 ; free virtual = 1576
INFO: [Project 1-111] Unisim Transformation Summary:
No Unisim elements were transformed.

INFO: [Project 1-604] Checkpoint was created with Vivado v2024.2 (64-bit) build 5239630
open_checkpoint: Time (s): cpu = 00:00:09 ; elapsed = 00:00:10 . Memory (MB): peak = 2148.746 ; gain = 800.316 ; free physical = 310 ; free virtual = 1576
Command: write_bitstream -force mic_to_led_pc.bit
Attempting to get a license for feature 'Implementation' and/or device 'xc7a35t'
INFO: [Common 17-349] Got license for feature 'Implementation' and/or device 'xc7a35t'
Running DRC as a precondition to command write_bitstream
INFO: [IP_Flow 19-234] Refreshing IP repositories
INFO: [IP_Flow 19-1704] No user IP repositories specified
INFO: [IP_Flow 19-2313] Loaded Vivado IP repository '/tools/Xilinx/Vivado/2024.2/data/ip'.
INFO: [DRC 23-27] Running DRC with 4 threads
INFO: [Vivado 12-3199] DRC finished with 0 Errors
INFO: [Vivado 12-3200] Please refer to the DRC report (report_drc) for more information.
INFO: [Designutils 20-2272] Running write_bitstream with 4 threads.
Loading data files...
Loading site data...
Loading route data...
Processing options...
Creating bitmap...
Creating bitstream...
Writing bitstream ./mic_to_led_pc.bit...
INFO: [Vivado 12-1842] Bitgen Completed Successfully.
INFO: [Project 1-1876] WebTalk data collection is mandatory when using a ULT device. To see the specific WebTalk data collected for your design, open the usage_statistics_webtalk.html or usage_statistics_webtalk.xml file in the implementation directory.
INFO: [Common 17-83] Releasing license: Implementation
23 Infos, 0 Warnings, 0 Critical Warnings and 0 Errors encountered.
write_bitstream completed successfully
write_bitstream: Time (s): cpu = 00:00:09 ; elapsed = 00:00:16 . Memory (MB): peak = 2628.430 ; gain = 479.684 ; free physical = 200 ; free virtual = 1173
INFO: [Common 17-206] Exiting Vivado at Tue May 20 14:31:57 2025...
