
*** Running vivado
    with args -log mic_to_led_pc.vds -m64 -product Vivado -mode batch -messageDb vivado.pb -notrace -source mic_to_led_pc.tcl



****** Vivado v2024.2 (64-bit)
  **** SW Build 5239630 on Fri Nov 08 22:35:27 MST 2024
  **** IP Build 5239520 on Sun Nov 10 16:12:51 MST 2024
  **** SharedData Build 5239561 on Fri Nov 08 14:39:27 MST 2024
  **** Start of session at: Wed May 21 17:25:56 2025
    ** Copyright 1986-2022 Xilinx, Inc. All Rights Reserved.
    ** Copyright 2022-2024 Advanced Micro Devices, Inc. All Rights Reserved.

source mic_to_led_pc.tcl -notrace
Command: read_checkpoint -auto_incremental -incremental {C:/Users/Nicolas Jankovsky/Documents/CytoMEMS/FPGA_Simulation/CMOD_A7_35T/FPGA_Sound_Analysis/a7_dig_mic_1/a7_dig_mic_1.srcs/utils_1/imports/synth_1/mic_to_led_pc.dcp}
INFO: [Vivado 12-5825] Read reference checkpoint from C:/Users/Nicolas Jankovsky/Documents/CytoMEMS/FPGA_Simulation/CMOD_A7_35T/FPGA_Sound_Analysis/a7_dig_mic_1/a7_dig_mic_1.srcs/utils_1/imports/synth_1/mic_to_led_pc.dcp for incremental synthesis
INFO: [Vivado 12-7989] Please ensure there are no constraint changes
Command: synth_design -top mic_to_led_pc -part xc7a35tcpg236-1
Starting synth_design
Attempting to get a license for feature 'Synthesis' and/or device 'xc7a35t'
INFO: [Common 17-349] Got license for feature 'Synthesis' and/or device 'xc7a35t'
INFO: [Device 21-403] Loading part xc7a35tcpg236-1
INFO: [Designutils 20-5440] No compile time benefit to using incremental synthesis; A full resynthesis will be run
INFO: [Designutils 20-4379] Flow is switching to default flow due to incremental criteria not met. If you would like to alter this behaviour and have the flow terminate instead, please set the following parameter config_implementation {autoIncr.Synth.RejectBehavior Terminate}
INFO: [Synth 8-7079] Multithreading enabled for synth_design using a maximum of 2 processes.
INFO: [Synth 8-7078] Launching helper process for spawning children vivado processes
INFO: [Synth 8-7075] Helper process launched with PID 21004
---------------------------------------------------------------------------------
Starting RTL Elaboration : Time (s): cpu = 00:00:02 ; elapsed = 00:00:03 . Memory (MB): peak = 1029.219 ; gain = 467.035
---------------------------------------------------------------------------------
INFO: [Synth 8-6157] synthesizing module 'mic_to_led_pc' [C:/Users/Nicolas Jankovsky/Documents/CytoMEMS/FPGA_Simulation/CMOD_A7_35T/FPGA_Sound_Analysis/a7_dig_mic_1/a7_dig_mic_1.srcs/sources_1/imports/FPGA_Sound_Analysis/mic_to_led_pc.v:1]
INFO: [Synth 8-6157] synthesizing module 'mic_to_led' [C:/Users/Nicolas Jankovsky/Documents/CytoMEMS/FPGA_Simulation/CMOD_A7_35T/FPGA_Sound_Analysis/a7_dig_mic_1/a7_dig_mic_1.srcs/sources_1/imports/FPGA_Sound_Analysis/mic_to_led.v:3]
INFO: [Synth 8-6155] done synthesizing module 'mic_to_led' (0#1) [C:/Users/Nicolas Jankovsky/Documents/CytoMEMS/FPGA_Simulation/CMOD_A7_35T/FPGA_Sound_Analysis/a7_dig_mic_1/a7_dig_mic_1.srcs/sources_1/imports/FPGA_Sound_Analysis/mic_to_led.v:3]
INFO: [Synth 8-6157] synthesizing module 'dig_to_uart' [C:/Users/Nicolas Jankovsky/Documents/CytoMEMS/FPGA_Simulation/CMOD_A7_35T/FPGA_Sound_Analysis/a7_dig_mic_1/a7_dig_mic_1.srcs/sources_1/imports/FPGA_Sound_Analysis/adc_to_uart.v:1]
INFO: [Synth 8-6157] synthesizing module 'uart' [C:/Users/Nicolas Jankovsky/Documents/CytoMEMS/FPGA_Simulation/CMOD_A7_35T/FPGA_Sound_Analysis/a7_dig_mic_1/a7_dig_mic_1.srcs/sources_1/imports/FPGA_Sound_Analysis/uart.v:3]
INFO: [Synth 8-6155] done synthesizing module 'uart' (0#1) [C:/Users/Nicolas Jankovsky/Documents/CytoMEMS/FPGA_Simulation/CMOD_A7_35T/FPGA_Sound_Analysis/a7_dig_mic_1/a7_dig_mic_1.srcs/sources_1/imports/FPGA_Sound_Analysis/uart.v:3]
INFO: [Synth 8-155] case statement is not full and has no default [C:/Users/Nicolas Jankovsky/Documents/CytoMEMS/FPGA_Simulation/CMOD_A7_35T/FPGA_Sound_Analysis/a7_dig_mic_1/a7_dig_mic_1.srcs/sources_1/imports/FPGA_Sound_Analysis/adc_to_uart.v:36]
INFO: [Synth 8-6155] done synthesizing module 'dig_to_uart' (0#1) [C:/Users/Nicolas Jankovsky/Documents/CytoMEMS/FPGA_Simulation/CMOD_A7_35T/FPGA_Sound_Analysis/a7_dig_mic_1/a7_dig_mic_1.srcs/sources_1/imports/FPGA_Sound_Analysis/adc_to_uart.v:1]
INFO: [Synth 8-6155] done synthesizing module 'mic_to_led_pc' (0#1) [C:/Users/Nicolas Jankovsky/Documents/CytoMEMS/FPGA_Simulation/CMOD_A7_35T/FPGA_Sound_Analysis/a7_dig_mic_1/a7_dig_mic_1.srcs/sources_1/imports/FPGA_Sound_Analysis/mic_to_led_pc.v:1]
---------------------------------------------------------------------------------
Finished RTL Elaboration : Time (s): cpu = 00:00:03 ; elapsed = 00:00:04 . Memory (MB): peak = 1134.445 ; gain = 572.262
---------------------------------------------------------------------------------
---------------------------------------------------------------------------------
Start Handling Custom Attributes
---------------------------------------------------------------------------------
---------------------------------------------------------------------------------
Finished Handling Custom Attributes : Time (s): cpu = 00:00:03 ; elapsed = 00:00:04 . Memory (MB): peak = 1134.445 ; gain = 572.262
---------------------------------------------------------------------------------
---------------------------------------------------------------------------------
Finished RTL Optimization Phase 1 : Time (s): cpu = 00:00:03 ; elapsed = 00:00:04 . Memory (MB): peak = 1134.445 ; gain = 572.262
---------------------------------------------------------------------------------
Netlist sorting complete. Time (s): cpu = 00:00:00 ; elapsed = 00:00:00.001 . Memory (MB): peak = 1134.445 ; gain = 0.000
INFO: [Project 1-570] Preparing netlist for logic optimization

Processing XDC Constraints
Initializing timing engine
Parsing XDC File [C:/Users/Nicolas Jankovsky/Documents/CytoMEMS/FPGA_Simulation/CMOD_A7_35T/FPGA_Sound_Analysis/a7_dig_mic_1/a7_dig_mic_1.srcs/constrs_1/imports/CMOD_A7_35T/Cmod-A7-Master.xdc]
Finished Parsing XDC File [C:/Users/Nicolas Jankovsky/Documents/CytoMEMS/FPGA_Simulation/CMOD_A7_35T/FPGA_Sound_Analysis/a7_dig_mic_1/a7_dig_mic_1.srcs/constrs_1/imports/CMOD_A7_35T/Cmod-A7-Master.xdc]
INFO: [Project 1-236] Implementation specific constraints were found while reading constraint file [C:/Users/Nicolas Jankovsky/Documents/CytoMEMS/FPGA_Simulation/CMOD_A7_35T/FPGA_Sound_Analysis/a7_dig_mic_1/a7_dig_mic_1.srcs/constrs_1/imports/CMOD_A7_35T/Cmod-A7-Master.xdc]. These constraints will be ignored for synthesis but will be used in implementation. Impacted constraints are listed in the file [.Xil/mic_to_led_pc_propImpl.xdc].
Resolution: To avoid this warning, move constraints listed in [.Xil/mic_to_led_pc_propImpl.xdc] to another XDC file and exclude this new file from synthesis with the used_in_synthesis property (File Properties dialog in GUI) and re-run elaboration/synthesis.
Completed Processing XDC Constraints

Netlist sorting complete. Time (s): cpu = 00:00:00 ; elapsed = 00:00:00 . Memory (MB): peak = 1217.004 ; gain = 0.000
INFO: [Project 1-111] Unisim Transformation Summary:
No Unisim elements were transformed.

Constraint Validation Runtime : Time (s): cpu = 00:00:00 ; elapsed = 00:00:00.002 . Memory (MB): peak = 1217.004 ; gain = 0.000
INFO: [Designutils 20-5440] No compile time benefit to using incremental synthesis; A full resynthesis will be run
INFO: [Designutils 20-4379] Flow is switching to default flow due to incremental criteria not met. If you would like to alter this behaviour and have the flow terminate instead, please set the following parameter config_implementation {autoIncr.Synth.RejectBehavior Terminate}
---------------------------------------------------------------------------------
Finished Constraint Validation : Time (s): cpu = 00:00:07 ; elapsed = 00:00:08 . Memory (MB): peak = 1217.004 ; gain = 654.820
---------------------------------------------------------------------------------
---------------------------------------------------------------------------------
Start Loading Part and Timing Information
---------------------------------------------------------------------------------
Loading part: xc7a35tcpg236-1
---------------------------------------------------------------------------------
Finished Loading Part and Timing Information : Time (s): cpu = 00:00:07 ; elapsed = 00:00:08 . Memory (MB): peak = 1217.004 ; gain = 654.820
---------------------------------------------------------------------------------
---------------------------------------------------------------------------------
Start Applying 'set_property' XDC Constraints
---------------------------------------------------------------------------------
---------------------------------------------------------------------------------
Finished applying 'set_property' XDC Constraints : Time (s): cpu = 00:00:07 ; elapsed = 00:00:08 . Memory (MB): peak = 1217.004 ; gain = 654.820
---------------------------------------------------------------------------------
INFO: [Synth 8-802] inferred FSM for state register 'state_reg' in module 'dig_to_uart'
---------------------------------------------------------------------------------------------------
                   State |                     New Encoding |                Previous Encoding 
---------------------------------------------------------------------------------------------------
                  iSTATE |                                0 |                               00
                 iSTATE0 |                                1 |                               01
---------------------------------------------------------------------------------------------------
INFO: [Synth 8-3354] encoded FSM with state register 'state_reg' using encoding 'sequential' in module 'dig_to_uart'
---------------------------------------------------------------------------------
Finished RTL Optimization Phase 2 : Time (s): cpu = 00:00:07 ; elapsed = 00:00:08 . Memory (MB): peak = 1217.004 ; gain = 654.820
---------------------------------------------------------------------------------
---------------------------------------------------------------------------------
Start RTL Component Statistics 
---------------------------------------------------------------------------------
Detailed RTL Component Info : 
+---Adders : 
	   2 Input   11 Bit       Adders := 1     
	   2 Input    7 Bit       Adders := 1     
	   2 Input    4 Bit       Adders := 1     
+---Registers : 
	               11 Bit    Registers := 1     
	               10 Bit    Registers := 1     
	                8 Bit    Registers := 1     
	                7 Bit    Registers := 1     
	                4 Bit    Registers := 1     
	                1 Bit    Registers := 4     
+---Muxes : 
	   2 Input   10 Bit        Muxes := 1     
	   2 Input    8 Bit        Muxes := 1     
	   2 Input    1 Bit        Muxes := 5     
---------------------------------------------------------------------------------
Finished RTL Component Statistics 
---------------------------------------------------------------------------------
---------------------------------------------------------------------------------
Start Part Resource Summary
---------------------------------------------------------------------------------
Part Resources:
DSPs: 90 (col length:60)
BRAMs: 100 (col length: RAMB18 60 RAMB36 30)
---------------------------------------------------------------------------------
Finished Part Resource Summary
---------------------------------------------------------------------------------
---------------------------------------------------------------------------------
Start Cross Boundary and Area Optimization
---------------------------------------------------------------------------------
WARNING: [Synth 8-7080] Parallel synthesis criteria is not met
---------------------------------------------------------------------------------
Finished Cross Boundary and Area Optimization : Time (s): cpu = 00:00:08 ; elapsed = 00:00:09 . Memory (MB): peak = 1217.004 ; gain = 654.820
---------------------------------------------------------------------------------
---------------------------------------------------------------------------------
Start Applying XDC Timing Constraints
---------------------------------------------------------------------------------
---------------------------------------------------------------------------------
Finished Applying XDC Timing Constraints : Time (s): cpu = 00:00:11 ; elapsed = 00:00:12 . Memory (MB): peak = 1334.121 ; gain = 771.938
---------------------------------------------------------------------------------
---------------------------------------------------------------------------------
Start Timing Optimization
---------------------------------------------------------------------------------
---------------------------------------------------------------------------------
Finished Timing Optimization : Time (s): cpu = 00:00:11 ; elapsed = 00:00:12 . Memory (MB): peak = 1363.738 ; gain = 801.555
---------------------------------------------------------------------------------
---------------------------------------------------------------------------------
Start Technology Mapping
---------------------------------------------------------------------------------
---------------------------------------------------------------------------------
Finished Technology Mapping : Time (s): cpu = 00:00:11 ; elapsed = 00:00:12 . Memory (MB): peak = 1363.984 ; gain = 801.801
---------------------------------------------------------------------------------
---------------------------------------------------------------------------------
Start IO Insertion
---------------------------------------------------------------------------------
---------------------------------------------------------------------------------
Start Flattening Before IO Insertion
---------------------------------------------------------------------------------
---------------------------------------------------------------------------------
Finished Flattening Before IO Insertion
---------------------------------------------------------------------------------
---------------------------------------------------------------------------------
Start Final Netlist Cleanup
---------------------------------------------------------------------------------
---------------------------------------------------------------------------------
Finished Final Netlist Cleanup
---------------------------------------------------------------------------------
---------------------------------------------------------------------------------
Finished IO Insertion : Time (s): cpu = 00:00:13 ; elapsed = 00:00:14 . Memory (MB): peak = 1560.828 ; gain = 998.645
---------------------------------------------------------------------------------
---------------------------------------------------------------------------------
Start Renaming Generated Instances
---------------------------------------------------------------------------------
---------------------------------------------------------------------------------
Finished Renaming Generated Instances : Time (s): cpu = 00:00:13 ; elapsed = 00:00:14 . Memory (MB): peak = 1560.828 ; gain = 998.645
---------------------------------------------------------------------------------
---------------------------------------------------------------------------------
Start Rebuilding User Hierarchy
---------------------------------------------------------------------------------
---------------------------------------------------------------------------------
Finished Rebuilding User Hierarchy : Time (s): cpu = 00:00:13 ; elapsed = 00:00:14 . Memory (MB): peak = 1560.828 ; gain = 998.645
---------------------------------------------------------------------------------
---------------------------------------------------------------------------------
Start Renaming Generated Ports
---------------------------------------------------------------------------------
---------------------------------------------------------------------------------
Finished Renaming Generated Ports : Time (s): cpu = 00:00:13 ; elapsed = 00:00:14 . Memory (MB): peak = 1560.828 ; gain = 998.645
---------------------------------------------------------------------------------
---------------------------------------------------------------------------------
Start Handling Custom Attributes
---------------------------------------------------------------------------------
---------------------------------------------------------------------------------
Finished Handling Custom Attributes : Time (s): cpu = 00:00:13 ; elapsed = 00:00:14 . Memory (MB): peak = 1560.828 ; gain = 998.645
---------------------------------------------------------------------------------
---------------------------------------------------------------------------------
Start Renaming Generated Nets
---------------------------------------------------------------------------------
---------------------------------------------------------------------------------
Finished Renaming Generated Nets : Time (s): cpu = 00:00:13 ; elapsed = 00:00:14 . Memory (MB): peak = 1560.828 ; gain = 998.645
---------------------------------------------------------------------------------
---------------------------------------------------------------------------------
Start Writing Synthesis Report
---------------------------------------------------------------------------------

Report BlackBoxes: 
+-+--------------+----------+
| |BlackBox name |Instances |
+-+--------------+----------+
+-+--------------+----------+

Report Cell Usage: 
+------+-----+------+
|      |Cell |Count |
+------+-----+------+
|1     |BUFG |     1|
|2     |LUT1 |     4|
|3     |LUT2 |     6|
|4     |LUT3 |     9|
|5     |LUT4 |    13|
|6     |LUT5 |     6|
|7     |LUT6 |     8|
|8     |FDRE |    35|
|9     |IBUF |     2|
|10    |OBUF |     3|
+------+-----+------+
---------------------------------------------------------------------------------
Finished Writing Synthesis Report : Time (s): cpu = 00:00:13 ; elapsed = 00:00:14 . Memory (MB): peak = 1560.828 ; gain = 998.645
---------------------------------------------------------------------------------
Synthesis finished with 0 errors, 0 critical warnings and 1 warnings.
Synthesis Optimization Runtime : Time (s): cpu = 00:00:09 ; elapsed = 00:00:13 . Memory (MB): peak = 1560.828 ; gain = 916.086
Synthesis Optimization Complete : Time (s): cpu = 00:00:13 ; elapsed = 00:00:14 . Memory (MB): peak = 1560.828 ; gain = 998.645
INFO: [Project 1-571] Translating synthesized netlist
Netlist sorting complete. Time (s): cpu = 00:00:00 ; elapsed = 00:00:00 . Memory (MB): peak = 1560.828 ; gain = 0.000
INFO: [Project 1-570] Preparing netlist for logic optimization
INFO: [Opt 31-138] Pushed 0 inverter(s) to 0 load pin(s).
Netlist sorting complete. Time (s): cpu = 00:00:00 ; elapsed = 00:00:00 . Memory (MB): peak = 1560.828 ; gain = 0.000
INFO: [Project 1-111] Unisim Transformation Summary:
No Unisim elements were transformed.

Synth Design complete | Checksum: ae95cabe
INFO: [Common 17-83] Releasing license: Synthesis
30 Infos, 1 Warnings, 0 Critical Warnings and 0 Errors encountered.
synth_design completed successfully
INFO: [Common 17-600] The following parameters have non-default value.
tcl.statsThreshold
Write ShapeDB Complete: Time (s): cpu = 00:00:00 ; elapsed = 00:00:00.001 . Memory (MB): peak = 1560.828 ; gain = 0.000
INFO: [Common 17-1381] The checkpoint 'C:/Users/Nicolas Jankovsky/Documents/CytoMEMS/FPGA_Simulation/CMOD_A7_35T/FPGA_Sound_Analysis/a7_dig_mic_1/a7_dig_mic_1.runs/synth_1/mic_to_led_pc.dcp' has been generated.
INFO: [Vivado 12-24828] Executing command : report_utilization -file mic_to_led_pc_utilization_synth.rpt -pb mic_to_led_pc_utilization_synth.pb
INFO: [Common 17-206] Exiting Vivado at Wed May 21 17:26:16 2025...
